gpu是否空闲： True
init iterator: data/MSRA/msra_train_bioes
init iterator: data/MSRA/msra_dev_bioes
encoder.embed.weight torch.Size([4857, 256])
encoder.encoder_layer.0.attention.q_multi_linear.weight torch.Size([256, 256])
encoder.encoder_layer.0.attention.q_multi_linear.bias torch.Size([256])
encoder.encoder_layer.0.attention.k_multi_linear.weight torch.Size([256, 256])
encoder.encoder_layer.0.attention.k_multi_linear.bias torch.Size([256])
encoder.encoder_layer.0.attention.v_multi_linear.weight torch.Size([256, 256])
encoder.encoder_layer.0.attention.v_multi_linear.bias torch.Size([256])
encoder.encoder_layer.0.attention.o_matrix.weight torch.Size([256, 256])
encoder.encoder_layer.0.attention.o_matrix.bias torch.Size([256])
encoder.encoder_layer.0.atten_layer_norm.gamma torch.Size([256])
encoder.encoder_layer.0.atten_layer_norm.beta torch.Size([256])
encoder.encoder_layer.0.transition_func.fc1.weight torch.Size([1024, 256])
encoder.encoder_layer.0.transition_func.fc1.bias torch.Size([1024])
encoder.encoder_layer.0.transition_func.fc2.weight torch.Size([256, 1024])
encoder.encoder_layer.0.transition_func.fc2.bias torch.Size([256])
encoder.encoder_layer.0.trans_layer_norm.gamma torch.Size([256])
encoder.encoder_layer.0.trans_layer_norm.beta torch.Size([256])
encoder.encoder_layer.1.attention.q_multi_linear.weight torch.Size([256, 256])
encoder.encoder_layer.1.attention.q_multi_linear.bias torch.Size([256])
encoder.encoder_layer.1.attention.k_multi_linear.weight torch.Size([256, 256])
encoder.encoder_layer.1.attention.k_multi_linear.bias torch.Size([256])
encoder.encoder_layer.1.attention.v_multi_linear.weight torch.Size([256, 256])
encoder.encoder_layer.1.attention.v_multi_linear.bias torch.Size([256])
encoder.encoder_layer.1.attention.o_matrix.weight torch.Size([256, 256])
encoder.encoder_layer.1.attention.o_matrix.bias torch.Size([256])
encoder.encoder_layer.1.atten_layer_norm.gamma torch.Size([256])
encoder.encoder_layer.1.atten_layer_norm.beta torch.Size([256])
encoder.encoder_layer.1.transition_func.fc1.weight torch.Size([1024, 256])
encoder.encoder_layer.1.transition_func.fc1.bias torch.Size([1024])
encoder.encoder_layer.1.transition_func.fc2.weight torch.Size([256, 1024])
encoder.encoder_layer.1.transition_func.fc2.bias torch.Size([256])
encoder.encoder_layer.1.trans_layer_norm.gamma torch.Size([256])
encoder.encoder_layer.1.trans_layer_norm.beta torch.Size([256])
encoder.encoder_layer.2.attention.q_multi_linear.weight torch.Size([256, 256])
encoder.encoder_layer.2.attention.q_multi_linear.bias torch.Size([256])
encoder.encoder_layer.2.attention.k_multi_linear.weight torch.Size([256, 256])
encoder.encoder_layer.2.attention.k_multi_linear.bias torch.Size([256])
encoder.encoder_layer.2.attention.v_multi_linear.weight torch.Size([256, 256])
encoder.encoder_layer.2.attention.v_multi_linear.bias torch.Size([256])
encoder.encoder_layer.2.attention.o_matrix.weight torch.Size([256, 256])
encoder.encoder_layer.2.attention.o_matrix.bias torch.Size([256])
encoder.encoder_layer.2.atten_layer_norm.gamma torch.Size([256])
encoder.encoder_layer.2.atten_layer_norm.beta torch.Size([256])
encoder.encoder_layer.2.transition_func.fc1.weight torch.Size([1024, 256])
encoder.encoder_layer.2.transition_func.fc1.bias torch.Size([1024])
encoder.encoder_layer.2.transition_func.fc2.weight torch.Size([256, 1024])
encoder.encoder_layer.2.transition_func.fc2.bias torch.Size([256])
encoder.encoder_layer.2.trans_layer_norm.gamma torch.Size([256])
encoder.encoder_layer.2.trans_layer_norm.beta torch.Size([256])
encoder.encoder_layer.3.attention.q_multi_linear.weight torch.Size([256, 256])
encoder.encoder_layer.3.attention.q_multi_linear.bias torch.Size([256])
encoder.encoder_layer.3.attention.k_multi_linear.weight torch.Size([256, 256])
encoder.encoder_layer.3.attention.k_multi_linear.bias torch.Size([256])
encoder.encoder_layer.3.attention.v_multi_linear.weight torch.Size([256, 256])
encoder.encoder_layer.3.attention.v_multi_linear.bias torch.Size([256])
encoder.encoder_layer.3.attention.o_matrix.weight torch.Size([256, 256])
encoder.encoder_layer.3.attention.o_matrix.bias torch.Size([256])
encoder.encoder_layer.3.atten_layer_norm.gamma torch.Size([256])
encoder.encoder_layer.3.atten_layer_norm.beta torch.Size([256])
encoder.encoder_layer.3.transition_func.fc1.weight torch.Size([1024, 256])
encoder.encoder_layer.3.transition_func.fc1.bias torch.Size([1024])
encoder.encoder_layer.3.transition_func.fc2.weight torch.Size([256, 1024])
encoder.encoder_layer.3.transition_func.fc2.bias torch.Size([256])
encoder.encoder_layer.3.trans_layer_norm.gamma torch.Size([256])
encoder.encoder_layer.3.trans_layer_norm.beta torch.Size([256])
encoder.trans_halting_prob.weight torch.Size([1, 256])
encoder.trans_halting_prob.bias torch.Size([1])
decoder.transition_matrix torch.Size([15, 15])
decoder.feature2tag.weight torch.Size([13, 256])
需要训练的模型参数总量: 4406242
training epoch: 1
 Learning rate is setted as: 0.001
训练数据总量： 44625
/home/wqt/.conda/envs/transformer1/lib/python3.6/site-packages/torch/nn/functional.py:1639: UserWarning: nn.functional.sigmoid is deprecated. Use torch.sigmoid instead.
  warnings.warn("nn.functional.sigmoid is deprecated. Use torch.sigmoid instead.")
sentence_shape: torch.Size([32, 62])
sample loss: epoch:1, batch:100, time:94.56s, batch_loss:2258.2775
sentence_shape: torch.Size([32, 31])
sample loss: epoch:1, batch:200, time:97.15s, batch_loss:1813.1058
sentence_shape: torch.Size([32, 63])
sample loss: epoch:1, batch:300, time:92.84s, batch_loss:1778.9356
sentence_shape: torch.Size([32, 60])
sample loss: epoch:1, batch:400, time:114.94s, batch_loss:2535.3439
sentence_shape: torch.Size([32, 31])
sample loss: epoch:1, batch:500, time:108.31s, batch_loss:2624.0212
sentence_shape: torch.Size([32, 62])
sample loss: epoch:1, batch:600, time:103.90s, batch_loss:2518.9189
sentence_shape: torch.Size([32, 89])
sample loss: epoch:1, batch:700, time:106.29s, batch_loss:2607.4433
sentence_shape: torch.Size([32, 63])
sample loss: epoch:1, batch:800, time:107.88s, batch_loss:2591.8139
sentence_shape: torch.Size([32, 92])
sample loss: epoch:1, batch:900, time:121.98s, batch_loss:2825.2491
sentence_shape: torch.Size([32, 61])
sample loss: epoch:1, batch:1000, time:114.92s, batch_loss:2696.7653
sentence_shape: torch.Size([32, 62])
sample loss: epoch:1, batch:1100, time:112.52s, batch_loss:2660.6609
sentence_shape: torch.Size([32, 31])
sample loss: epoch:1, batch:1200, time:106.89s, batch_loss:2522.6044
sentence_shape: torch.Size([32, 62])
sample loss: epoch:1, batch:1300, time:103.78s, batch_loss:2306.8628
Epoch:1 training finished. Time: 1497.71s, speed: 0.03s/instance, total loss:3420660.2500
Epoch_train_result: epoch:1, accuracy:0.8912, precision:0.2501, recall:0.0571, f_measure:0.0929 
dev_result: epoch:1, time:82.23, accuracy:0.9435, precision:0.3805, recall:0.1660, f_measure:0.2311 
epoch:1 dev set exceed best f score-1.0000
training epoch: 2
 Learning rate is setted as: 0.00095
训练数据总量： 44625
sentence_shape: torch.Size([32, 31])
sample loss: epoch:2, batch:100, time:100.49s, batch_loss:1495.2266
sentence_shape: torch.Size([32, 125])
sample loss: epoch:2, batch:200, time:90.24s, batch_loss:1337.5928
sentence_shape: torch.Size([32, 31])
sample loss: epoch:2, batch:300, time:88.52s, batch_loss:1269.9088
sentence_shape: torch.Size([32, 31])
sample loss: epoch:2, batch:400, time:97.49s, batch_loss:1477.7230
sentence_shape: torch.Size([32, 95])
sample loss: epoch:2, batch:500, time:85.39s, batch_loss:1370.2387
sentence_shape: torch.Size([32, 31])
sample loss: epoch:2, batch:600, time:69.29s, batch_loss:1354.1798
sentence_shape: torch.Size([32, 31])
sample loss: epoch:2, batch:700, time:75.70s, batch_loss:1559.7691
sentence_shape: torch.Size([32, 31])
sample loss: epoch:2, batch:800, time:71.42s, batch_loss:1356.1617
sentence_shape: torch.Size([32, 93])
sample loss: epoch:2, batch:900, time:68.03s, batch_loss:1385.3622
sentence_shape: torch.Size([32, 94])
sample loss: epoch:2, batch:1000, time:64.39s, batch_loss:1295.4543
sentence_shape: torch.Size([32, 60])
sample loss: epoch:2, batch:1100, time:68.76s, batch_loss:1346.3597
sentence_shape: torch.Size([32, 62])
sample loss: epoch:2, batch:1200, time:67.89s, batch_loss:1368.0698
sentence_shape: torch.Size([32, 62])
sample loss: epoch:2, batch:1300, time:81.64s, batch_loss:2051.9056
Epoch:2 training finished. Time: 1123.27s, speed: 0.03s/instance, total loss:2126520.0000
Epoch_train_result: epoch:2, accuracy:0.9051, precision:0.3701, recall:0.1901, f_measure:0.2512 
dev_result: epoch:2, time:76.85, accuracy:0.9452, precision:0.3948, recall:0.2408, f_measure:0.2991 
epoch:2 dev set exceed best f score0.2311
training epoch: 3
 Learning rate is setted as: 0.0009025
训练数据总量： 44625
sentence_shape: torch.Size([32, 122])
sample loss: epoch:3, batch:100, time:74.73s, batch_loss:1403.9508
sentence_shape: torch.Size([32, 63])
sample loss: epoch:3, batch:200, time:69.66s, batch_loss:1311.0783
sentence_shape: torch.Size([32, 60])
sample loss: epoch:3, batch:300, time:67.24s, batch_loss:1365.3895
sentence_shape: torch.Size([32, 94])
sample loss: epoch:3, batch:400, time:67.66s, batch_loss:1357.8000
sentence_shape: torch.Size([32, 63])
sample loss: epoch:3, batch:500, time:62.10s, batch_loss:1311.0725
sentence_shape: torch.Size([32, 63])
sample loss: epoch:3, batch:600, time:69.08s, batch_loss:1390.1041
sentence_shape: torch.Size([32, 63])
sample loss: epoch:3, batch:700, time:80.88s, batch_loss:2240.6663
sentence_shape: torch.Size([32, 55])
sample loss: epoch:3, batch:800, time:88.69s, batch_loss:2678.1928
sentence_shape: torch.Size([32, 63])
sample loss: epoch:3, batch:900, time:86.24s, batch_loss:2537.3508
sentence_shape: torch.Size([32, 63])
sample loss: epoch:3, batch:1000, time:97.43s, batch_loss:3065.5897
sentence_shape: torch.Size([32, 190])
sample loss: epoch:3, batch:1100, time:89.03s, batch_loss:2625.1531
sentence_shape: torch.Size([32, 159])
sample loss: epoch:3, batch:1200, time:85.27s, batch_loss:2470.3691
sentence_shape: torch.Size([32, 93])
sample loss: epoch:3, batch:1300, time:77.79s, batch_loss:2215.0316
Epoch:3 training finished. Time: 1103.17s, speed: 0.02s/instance, total loss:2821406.7500
Epoch_train_result: epoch:3, accuracy:0.9071, precision:0.3834, recall:0.2167, f_measure:0.2769 
dev_result: epoch:3, time:77.02, accuracy:0.9491, precision:0.4670, recall:0.3036, f_measure:0.3680 
epoch:3 dev set exceed best f score0.2991
training epoch: 4
 Learning rate is setted as: 0.000857375
训练数据总量： 44625
sentence_shape: torch.Size([32, 94])
sample loss: epoch:4, batch:100, time:72.03s, batch_loss:1292.0664
sentence_shape: torch.Size([32, 63])
sample loss: epoch:4, batch:200, time:66.39s, batch_loss:1306.0119
sentence_shape: torch.Size([32, 31])
sample loss: epoch:4, batch:300, time:65.59s, batch_loss:1311.0833
sentence_shape: torch.Size([32, 31])
sample loss: epoch:4, batch:400, time:71.01s, batch_loss:1281.1349
sentence_shape: torch.Size([32, 63])
sample loss: epoch:4, batch:500, time:86.15s, batch_loss:1460.5022
sentence_shape: torch.Size([32, 31])
sample loss: epoch:4, batch:600, time:75.79s, batch_loss:1394.5883
sentence_shape: torch.Size([32, 60])
sample loss: epoch:4, batch:700, time:65.88s, batch_loss:1296.8663
sentence_shape: torch.Size([32, 93])
sample loss: epoch:4, batch:800, time:66.09s, batch_loss:1336.5305
sentence_shape: torch.Size([32, 31])
sample loss: epoch:4, batch:900, time:68.76s, batch_loss:1356.9833
sentence_shape: torch.Size([32, 93])
sample loss: epoch:4, batch:1000, time:68.93s, batch_loss:1363.2064
sentence_shape: torch.Size([32, 31])
sample loss: epoch:4, batch:1100, time:67.50s, batch_loss:1321.9831
sentence_shape: torch.Size([32, 122])
sample loss: epoch:4, batch:1200, time:93.46s, batch_loss:2533.5359
sentence_shape: torch.Size([32, 123])
sample loss: epoch:4, batch:1300, time:81.15s, batch_loss:2497.6844
Epoch:4 training finished. Time: 1033.12s, speed: 0.02s/instance, total loss:2200218.7500
Epoch_train_result: epoch:4, accuracy:0.9084, precision:0.3918, recall:0.2293, f_measure:0.2893 
dev_result: epoch:4, time:76.64, accuracy:0.9487, precision:0.4299, recall:0.2679, f_measure:0.3301 
training epoch: 5
 Learning rate is setted as: 0.0008145062499999999
训练数据总量： 44625
sentence_shape: torch.Size([32, 62])
sample loss: epoch:5, batch:100, time:66.65s, batch_loss:1351.8825
sentence_shape: torch.Size([32, 31])
sample loss: epoch:5, batch:200, time:68.47s, batch_loss:1335.8588
sentence_shape: torch.Size([32, 95])
sample loss: epoch:5, batch:300, time:65.27s, batch_loss:1278.2747
sentence_shape: torch.Size([32, 94])
sample loss: epoch:5, batch:400, time:79.94s, batch_loss:1371.6955
sentence_shape: torch.Size([32, 95])
sample loss: epoch:5, batch:500, time:99.71s, batch_loss:1436.4025
sentence_shape: torch.Size([32, 59])
sample loss: epoch:5, batch:600, time:102.16s, batch_loss:1444.2570
sentence_shape: torch.Size([32, 63])
sample loss: epoch:5, batch:700, time:112.20s, batch_loss:2018.3914
sentence_shape: torch.Size([32, 62])
sample loss: epoch:5, batch:800, time:118.22s, batch_loss:2521.1870
sentence_shape: torch.Size([32, 63])
sample loss: epoch:5, batch:900, time:110.99s, batch_loss:2379.3866
sentence_shape: torch.Size([32, 123])
sample loss: epoch:5, batch:1000, time:135.04s, batch_loss:2556.0772
sentence_shape: torch.Size([32, 61])
sample loss: epoch:5, batch:1100, time:112.86s, batch_loss:2386.7480
sentence_shape: torch.Size([32, 60])
sample loss: epoch:5, batch:1200, time:103.61s, batch_loss:2350.2853
sentence_shape: torch.Size([32, 91])
sample loss: epoch:5, batch:1300, time:120.57s, batch_loss:3007.1638
Epoch:5 training finished. Time: 1409.52s, speed: 0.03s/instance, total loss:2755021.7500
Epoch_train_result: epoch:5, accuracy:0.9084, precision:0.3924, recall:0.2312, f_measure:0.2910 
dev_result: epoch:5, time:92.37, accuracy:0.9487, precision:0.4316, recall:0.2868, f_measure:0.3446 
training epoch: 6
 Learning rate is setted as: 0.0007737809374999998
训练数据总量： 44625
sentence_shape: torch.Size([32, 60])
sample loss: epoch:6, batch:100, time:102.00s, batch_loss:1385.8122
sentence_shape: torch.Size([32, 62])
sample loss: epoch:6, batch:200, time:97.21s, batch_loss:1351.8034
sentence_shape: torch.Size([32, 158])
sample loss: epoch:6, batch:300, time:95.22s, batch_loss:1280.6216
sentence_shape: torch.Size([32, 57])
sample loss: epoch:6, batch:400, time:96.59s, batch_loss:1344.3991
sentence_shape: torch.Size([32, 61])
sample loss: epoch:6, batch:500, time:96.79s, batch_loss:1305.3311
sentence_shape: torch.Size([32, 63])
sample loss: epoch:6, batch:600, time:94.13s, batch_loss:1314.4600
sentence_shape: torch.Size([32, 63])
sample loss: epoch:6, batch:700, time:96.80s, batch_loss:1335.2831
sentence_shape: torch.Size([32, 62])
sample loss: epoch:6, batch:800, time:107.33s, batch_loss:1603.4620
sentence_shape: torch.Size([32, 31])
sample loss: epoch:6, batch:900, time:94.55s, batch_loss:1309.7696
sentence_shape: torch.Size([32, 60])
sample loss: epoch:6, batch:1000, time:100.44s, batch_loss:1336.5792
sentence_shape: torch.Size([32, 58])
sample loss: epoch:6, batch:1100, time:95.61s, batch_loss:1245.8830
sentence_shape: torch.Size([32, 61])
sample loss: epoch:6, batch:1200, time:117.55s, batch_loss:2253.2222
sentence_shape: torch.Size([32, 63])
sample loss: epoch:6, batch:1300, time:113.48s, batch_loss:2440.1603
Epoch:6 training finished. Time: 1423.93s, speed: 0.03s/instance, total loss:2178567.0000
Epoch_train_result: epoch:6, accuracy:0.9090, precision:0.3974, recall:0.2367, f_measure:0.2967 
dev_result: epoch:6, time:86.79, accuracy:0.9485, precision:0.4404, recall:0.2471, f_measure:0.3166 
training epoch: 7
 Learning rate is setted as: 0.0007350918906249999
训练数据总量： 44625
sentence_shape: torch.Size([32, 63])
sample loss: epoch:7, batch:100, time:95.30s, batch_loss:1281.4537
sentence_shape: torch.Size([32, 188])
sample loss: epoch:7, batch:200, time:108.56s, batch_loss:1394.8659
sentence_shape: torch.Size([32, 95])
sample loss: epoch:7, batch:300, time:129.41s, batch_loss:2630.0272
sentence_shape: torch.Size([32, 59])
sample loss: epoch:7, batch:400, time:111.44s, batch_loss:2374.6788
sentence_shape: torch.Size([32, 62])
sample loss: epoch:7, batch:500, time:113.30s, batch_loss:2495.7266
sentence_shape: torch.Size([32, 60])
sample loss: epoch:7, batch:600, time:111.71s, batch_loss:2353.1073
sentence_shape: torch.Size([32, 63])
sample loss: epoch:7, batch:700, time:121.79s, batch_loss:2687.7059
sentence_shape: torch.Size([32, 95])
sample loss: epoch:7, batch:800, time:120.01s, batch_loss:2574.8147
sentence_shape: torch.Size([32, 63])
sample loss: epoch:7, batch:900, time:116.53s, batch_loss:2350.2919
sentence_shape: torch.Size([32, 57])
sample loss: epoch:7, batch:1000, time:118.05s, batch_loss:2499.7353
sentence_shape: torch.Size([32, 90])
sample loss: epoch:7, batch:1100, time:112.49s, batch_loss:2363.0905
sentence_shape: torch.Size([32, 95])
sample loss: epoch:7, batch:1200, time:111.39s, batch_loss:2430.8370
sentence_shape: torch.Size([32, 93])
sample loss: epoch:7, batch:1300, time:123.55s, batch_loss:2612.8503
Epoch:7 training finished. Time: 1604.65s, speed: 0.04s/instance, total loss:3209516.7500
Epoch_train_result: epoch:7, accuracy:0.9094, precision:0.4020, recall:0.2407, f_measure:0.3011 
dev_result: epoch:7, time:91.59, accuracy:0.9498, precision:0.4548, recall:0.2962, f_measure:0.3588 
training epoch: 8
 Learning rate is setted as: 0.0006983372960937497
训练数据总量： 44625
sentence_shape: torch.Size([32, 157])
sample loss: epoch:8, batch:100, time:107.97s, batch_loss:1491.8822
sentence_shape: torch.Size([32, 63])
sample loss: epoch:8, batch:200, time:103.09s, batch_loss:1398.6333
sentence_shape: torch.Size([32, 31])
sample loss: epoch:8, batch:300, time:97.75s, batch_loss:1355.2461
sentence_shape: torch.Size([32, 60])
sample loss: epoch:8, batch:400, time:100.45s, batch_loss:1387.3983
sentence_shape: torch.Size([32, 63])
sample loss: epoch:8, batch:500, time:133.50s, batch_loss:2260.8414
sentence_shape: torch.Size([32, 62])
sample loss: epoch:8, batch:600, time:130.76s, batch_loss:2414.5417
sentence_shape: torch.Size([32, 31])
sample loss: epoch:8, batch:700, time:134.09s, batch_loss:2380.9973
sentence_shape: torch.Size([32, 93])
sample loss: epoch:8, batch:800, time:169.99s, batch_loss:2760.9875
sentence_shape: torch.Size([32, 93])
sample loss: epoch:8, batch:900, time:136.85s, batch_loss:2336.7677
sentence_shape: torch.Size([32, 61])
sample loss: epoch:8, batch:1000, time:112.65s, batch_loss:2153.7730
sentence_shape: torch.Size([32, 57])
sample loss: epoch:8, batch:1100, time:100.42s, batch_loss:2061.3137
sentence_shape: torch.Size([32, 62])
sample loss: epoch:8, batch:1200, time:113.69s, batch_loss:2409.6784
sentence_shape: torch.Size([32, 63])
sample loss: epoch:8, batch:1300, time:129.08s, batch_loss:2653.4278
Epoch:8 training finished. Time: 1680.86s, speed: 0.04s/instance, total loss:2911989.5000
Epoch_train_result: epoch:8, accuracy:0.9095, precision:0.4020, recall:0.2409, f_measure:0.3013 
dev_result: epoch:8, time:86.44, accuracy:0.9502, precision:0.4618, recall:0.2796, f_measure:0.3483 
training epoch: 9
 Learning rate is setted as: 0.0006634204312890623
训练数据总量： 44625
sentence_shape: torch.Size([32, 93])
sample loss: epoch:9, batch:100, time:103.53s, batch_loss:1371.9806
sentence_shape: torch.Size([32, 61])
sample loss: epoch:9, batch:200, time:98.24s, batch_loss:1299.0653
sentence_shape: torch.Size([32, 62])
sample loss: epoch:9, batch:300, time:104.57s, batch_loss:1378.5345
sentence_shape: torch.Size([32, 63])
sample loss: epoch:9, batch:400, time:101.85s, batch_loss:1393.1978
sentence_shape: torch.Size([32, 31])
sample loss: epoch:9, batch:500, time:97.55s, batch_loss:1316.5075
sentence_shape: torch.Size([32, 62])
sample loss: epoch:9, batch:600, time:116.60s, batch_loss:1832.6223
sentence_shape: torch.Size([32, 61])
sample loss: epoch:9, batch:700, time:91.79s, batch_loss:1935.6642
sentence_shape: torch.Size([32, 61])
sample loss: epoch:9, batch:800, time:110.09s, batch_loss:2337.4994
sentence_shape: torch.Size([32, 95])
sample loss: epoch:9, batch:900, time:114.99s, batch_loss:2431.2542
sentence_shape: torch.Size([32, 95])
sample loss: epoch:9, batch:1000, time:119.55s, batch_loss:2422.9831
sentence_shape: torch.Size([32, 91])
sample loss: epoch:9, batch:1100, time:128.17s, batch_loss:2860.1125
sentence_shape: torch.Size([32, 62])
sample loss: epoch:9, batch:1200, time:106.74s, batch_loss:2211.8156
sentence_shape: torch.Size([32, 54])
sample loss: epoch:9, batch:1300, time:114.31s, batch_loss:2403.4378
Epoch:9 training finished. Time: 1525.32s, speed: 0.03s/instance, total loss:2728348.2500
Epoch_train_result: epoch:9, accuracy:0.9101, precision:0.4035, recall:0.2437, f_measure:0.3038 
dev_result: epoch:9, time:88.89, accuracy:0.9510, precision:0.4746, recall:0.3019, f_measure:0.3691 
epoch:9 dev set exceed best f score0.3680
training epoch: 10
 Learning rate is setted as: 0.0006302494097246091
训练数据总量： 44625
sentence_shape: torch.Size([32, 95])
sample loss: epoch:10, batch:100, time:93.43s, batch_loss:1252.8591
sentence_shape: torch.Size([32, 63])
sample loss: epoch:10, batch:200, time:96.45s, batch_loss:1374.0694
sentence_shape: torch.Size([32, 31])
sample loss: epoch:10, batch:300, time:134.42s, batch_loss:2979.0072
sentence_shape: torch.Size([32, 60])
sample loss: epoch:10, batch:400, time:113.94s, batch_loss:2322.3186
sentence_shape: torch.Size([32, 30])
sample loss: epoch:10, batch:500, time:118.59s, batch_loss:2572.7373
sentence_shape: torch.Size([32, 89])
sample loss: epoch:10, batch:600, time:125.56s, batch_loss:2617.8400
sentence_shape: torch.Size([32, 89])
sample loss: epoch:10, batch:700, time:120.96s, batch_loss:2591.0786
sentence_shape: torch.Size([32, 62])
sample loss: epoch:10, batch:800, time:114.98s, batch_loss:2577.9662
sentence_shape: torch.Size([32, 83])
sample loss: epoch:10, batch:900, time:106.94s, batch_loss:2235.1617
sentence_shape: torch.Size([32, 94])
sample loss: epoch:10, batch:1000, time:116.10s, batch_loss:2477.9116
sentence_shape: torch.Size([32, 31])
sample loss: epoch:10, batch:1100, time:110.49s, batch_loss:2364.8502
sentence_shape: torch.Size([32, 63])
sample loss: epoch:10, batch:1200, time:117.37s, batch_loss:2531.5848
sentence_shape: torch.Size([32, 93])
sample loss: epoch:10, batch:1300, time:106.44s, batch_loss:2227.4339
Epoch:10 training finished. Time: 1601.54s, speed: 0.04s/instance, total loss:3266703.7500
Epoch_train_result: epoch:10, accuracy:0.9102, precision:0.4059, recall:0.2457, f_measure:0.3061 
dev_result: epoch:10, time:86.18, accuracy:0.9498, precision:0.4544, recall:0.2831, f_measure:0.3488 
training epoch: 11
 Learning rate is setted as: 0.0005987369392383787
训练数据总量： 44625
sentence_shape: torch.Size([32, 95])
sample loss: epoch:11, batch:100, time:97.62s, batch_loss:1280.5459
sentence_shape: torch.Size([32, 62])
sample loss: epoch:11, batch:200, time:96.50s, batch_loss:1281.0968
sentence_shape: torch.Size([32, 30])
sample loss: epoch:11, batch:300, time:98.85s, batch_loss:1323.2541
sentence_shape: torch.Size([32, 63])
sample loss: epoch:11, batch:400, time:98.11s, batch_loss:1291.2967
sentence_shape: torch.Size([32, 95])
sample loss: epoch:11, batch:500, time:100.35s, batch_loss:1313.3770
sentence_shape: torch.Size([32, 30])
sample loss: epoch:11, batch:600, time:107.14s, batch_loss:1328.1405
sentence_shape: torch.Size([32, 63])
sample loss: epoch:11, batch:700, time:103.49s, batch_loss:1398.3169
sentence_shape: torch.Size([32, 62])
sample loss: epoch:11, batch:800, time:102.69s, batch_loss:1400.6398
sentence_shape: torch.Size([32, 31])
sample loss: epoch:11, batch:900, time:102.20s, batch_loss:1370.8042
sentence_shape: torch.Size([32, 31])
sample loss: epoch:11, batch:1000, time:94.60s, batch_loss:1298.4591
sentence_shape: torch.Size([32, 63])
sample loss: epoch:11, batch:1100, time:102.67s, batch_loss:1525.0775
sentence_shape: torch.Size([32, 31])
sample loss: epoch:11, batch:1200, time:95.94s, batch_loss:1302.8774
sentence_shape: torch.Size([32, 31])
sample loss: epoch:11, batch:1300, time:100.56s, batch_loss:1324.1280
Epoch:11 training finished. Time: 1417.20s, speed: 0.03s/instance, total loss:1944445.7500
Epoch_train_result: epoch:11, accuracy:0.9106, precision:0.4082, recall:0.2480, f_measure:0.3086 
dev_result: epoch:11, time:85.11, accuracy:0.9444, precision:0.3320, recall:0.1948, f_measure:0.2455 
training epoch: 12
 Learning rate is setted as: 0.0005688000922764596
训练数据总量： 44625
sentence_shape: torch.Size([32, 95])
sample loss: epoch:12, batch:100, time:97.63s, batch_loss:1336.1550
sentence_shape: torch.Size([32, 126])
sample loss: epoch:12, batch:200, time:100.59s, batch_loss:1335.5908
sentence_shape: torch.Size([32, 63])
sample loss: epoch:12, batch:300, time:96.97s, batch_loss:1305.1893
sentence_shape: torch.Size([32, 31])
sample loss: epoch:12, batch:400, time:96.45s, batch_loss:1348.6023
sentence_shape: torch.Size([32, 127])
sample loss: epoch:12, batch:500, time:98.49s, batch_loss:1400.2319
sentence_shape: torch.Size([32, 63])
sample loss: epoch:12, batch:600, time:93.91s, batch_loss:1268.7331
sentence_shape: torch.Size([32, 31])
sample loss: epoch:12, batch:700, time:91.98s, batch_loss:1324.4827
sentence_shape: torch.Size([32, 63])
sample loss: epoch:12, batch:800, time:70.52s, batch_loss:1323.7106
sentence_shape: torch.Size([32, 62])
sample loss: epoch:12, batch:900, time:80.61s, batch_loss:1742.5911
sentence_shape: torch.Size([32, 60])
sample loss: epoch:12, batch:1000, time:84.82s, batch_loss:2454.0039
sentence_shape: torch.Size([32, 62])
sample loss: epoch:12, batch:1100, time:72.66s, batch_loss:2071.6809
sentence_shape: torch.Size([32, 95])
sample loss: epoch:12, batch:1200, time:88.97s, batch_loss:2682.6675
sentence_shape: torch.Size([32, 89])
sample loss: epoch:12, batch:1300, time:90.58s, batch_loss:2564.1273
Epoch:12 training finished. Time: 1250.45s, speed: 0.03s/instance, total loss:2427869.5000
Epoch_train_result: epoch:12, accuracy:0.9106, precision:0.4078, recall:0.2490, f_measure:0.3092 
dev_result: epoch:12, time:82.02, accuracy:0.9518, precision:0.4778, recall:0.3131, f_measure:0.3783 
epoch:12 dev set exceed best f score0.3691
training epoch: 13
 Learning rate is setted as: 0.0005403600876626366
训练数据总量： 44625
sentence_shape: torch.Size([32, 94])
sample loss: epoch:13, batch:100, time:65.98s, batch_loss:1297.4397
sentence_shape: torch.Size([32, 58])
sample loss: epoch:13, batch:200, time:71.21s, batch_loss:1337.7705
sentence_shape: torch.Size([32, 31])
sample loss: epoch:13, batch:300, time:67.52s, batch_loss:1288.8810
sentence_shape: torch.Size([32, 63])
sample loss: epoch:13, batch:400, time:68.27s, batch_loss:1311.8969
sentence_shape: torch.Size([32, 62])
sample loss: epoch:13, batch:500, time:69.45s, batch_loss:1338.0087
sentence_shape: torch.Size([32, 62])
sample loss: epoch:13, batch:600, time:72.42s, batch_loss:1389.5294
sentence_shape: torch.Size([32, 62])
sample loss: epoch:13, batch:700, time:74.02s, batch_loss:1396.0823
sentence_shape: torch.Size([32, 59])
sample loss: epoch:13, batch:800, time:73.53s, batch_loss:1378.4292
sentence_shape: torch.Size([32, 94])
sample loss: epoch:13, batch:900, time:76.25s, batch_loss:1675.1389
sentence_shape: torch.Size([32, 669])
sample loss: epoch:13, batch:1000, time:94.27s, batch_loss:2814.7812
sentence_shape: torch.Size([32, 123])
sample loss: epoch:13, batch:1100, time:80.78s, batch_loss:2355.3728
sentence_shape: torch.Size([32, 94])
sample loss: epoch:13, batch:1200, time:84.36s, batch_loss:2500.0856
sentence_shape: torch.Size([32, 63])
sample loss: epoch:13, batch:1300, time:83.38s, batch_loss:2562.3166
Epoch:13 training finished. Time: 1065.55s, speed: 0.02s/instance, total loss:2492528.0000
Epoch_train_result: epoch:13, accuracy:0.9109, precision:0.4101, recall:0.2510, f_measure:0.3114 
dev_result: epoch:13, time:76.52, accuracy:0.9510, precision:0.4610, recall:0.3093, f_measure:0.3703 
training epoch: 14
 Learning rate is setted as: 0.0005133420832795048
训练数据总量： 44625
sentence_shape: torch.Size([32, 31])
sample loss: epoch:14, batch:100, time:68.51s, batch_loss:1353.0225
sentence_shape: torch.Size([32, 63])
sample loss: epoch:14, batch:200, time:67.34s, batch_loss:1326.5891
sentence_shape: torch.Size([32, 62])
sample loss: epoch:14, batch:300, time:67.37s, batch_loss:1323.5292
sentence_shape: torch.Size([32, 62])
sample loss: epoch:14, batch:400, time:69.39s, batch_loss:1355.1022
sentence_shape: torch.Size([32, 62])
sample loss: epoch:14, batch:500, time:68.04s, batch_loss:1287.5866
sentence_shape: torch.Size([32, 62])
sample loss: epoch:14, batch:600, time:75.16s, batch_loss:1449.0289
sentence_shape: torch.Size([32, 92])
sample loss: epoch:14, batch:700, time:71.25s, batch_loss:1265.3029
sentence_shape: torch.Size([32, 31])
sample loss: epoch:14, batch:800, time:62.17s, batch_loss:1239.7853
sentence_shape: torch.Size([32, 84])
sample loss: epoch:14, batch:900, time:90.58s, batch_loss:2601.7222
sentence_shape: torch.Size([32, 91])
sample loss: epoch:14, batch:1000, time:87.11s, batch_loss:2505.3045
sentence_shape: torch.Size([32, 63])
sample loss: epoch:14, batch:1100, time:84.54s, batch_loss:2494.3230
sentence_shape: torch.Size([32, 62])
sample loss: epoch:14, batch:1200, time:86.38s, batch_loss:2441.1256
sentence_shape: torch.Size([32, 95])
sample loss: epoch:14, batch:1300, time:82.54s, batch_loss:2480.2259
Epoch:14 training finished. Time: 1066.81s, speed: 0.02s/instance, total loss:2549260.0000
Epoch_train_result: epoch:14, accuracy:0.9110, precision:0.4109, recall:0.2512, f_measure:0.3118 
dev_result: epoch:14, time:82.08, accuracy:0.9491, precision:0.4561, recall:0.2539, f_measure:0.3262 
training epoch: 15
 Learning rate is setted as: 0.00048767497911552955
训练数据总量： 44625
sentence_shape: torch.Size([32, 28])
sample loss: epoch:15, batch:100, time:73.55s, batch_loss:1336.5080
sentence_shape: torch.Size([32, 60])
sample loss: epoch:15, batch:200, time:72.03s, batch_loss:1369.4356
sentence_shape: torch.Size([32, 63])
sample loss: epoch:15, batch:300, time:66.56s, batch_loss:1329.4362
sentence_shape: torch.Size([32, 31])
sample loss: epoch:15, batch:400, time:69.83s, batch_loss:1327.0320
sentence_shape: torch.Size([32, 63])
sample loss: epoch:15, batch:500, time:67.83s, batch_loss:1324.4578
sentence_shape: torch.Size([32, 95])
sample loss: epoch:15, batch:600, time:85.95s, batch_loss:2197.2261
sentence_shape: torch.Size([32, 61])
sample loss: epoch:15, batch:700, time:82.81s, batch_loss:2431.3202
sentence_shape: torch.Size([32, 63])
sample loss: epoch:15, batch:800, time:82.19s, batch_loss:2374.4264
sentence_shape: torch.Size([32, 93])
sample loss: epoch:15, batch:900, time:77.79s, batch_loss:2200.8773
sentence_shape: torch.Size([32, 90])
sample loss: epoch:15, batch:1000, time:90.05s, batch_loss:2565.4292
sentence_shape: torch.Size([32, 31])
sample loss: epoch:15, batch:1100, time:74.64s, batch_loss:2207.1777
sentence_shape: torch.Size([32, 62])
sample loss: epoch:15, batch:1200, time:88.07s, batch_loss:2626.1191
sentence_shape: torch.Size([32, 63])
sample loss: epoch:15, batch:1300, time:77.65s, batch_loss:2189.4500
Epoch:15 training finished. Time: 1104.21s, speed: 0.02s/instance, total loss:2827370.5000
Epoch_train_result: epoch:15, accuracy:0.9111, precision:0.4098, recall:0.2508, f_measure:0.3111 
dev_result: epoch:15, time:79.79, accuracy:0.9507, precision:0.4570, recall:0.2902, f_measure:0.3550 
training epoch: 16
 Learning rate is setted as: 0.000463291230159753
训练数据总量： 44625
sentence_shape: torch.Size([32, 31])
sample loss: epoch:16, batch:100, time:71.40s, batch_loss:1365.2141
sentence_shape: torch.Size([32, 63])
sample loss: epoch:16, batch:200, time:71.23s, batch_loss:1368.7352
sentence_shape: torch.Size([32, 63])
sample loss: epoch:16, batch:300, time:70.04s, batch_loss:1374.8889
sentence_shape: torch.Size([32, 95])
sample loss: epoch:16, batch:400, time:67.91s, batch_loss:1257.9366
sentence_shape: torch.Size([32, 31])
sample loss: epoch:16, batch:500, time:74.29s, batch_loss:1405.7000
sentence_shape: torch.Size([32, 31])
sample loss: epoch:16, batch:600, time:75.98s, batch_loss:1493.2983
sentence_shape: torch.Size([32, 63])
sample loss: epoch:16, batch:700, time:71.82s, batch_loss:1363.9278
sentence_shape: torch.Size([32, 31])
sample loss: epoch:16, batch:800, time:68.34s, batch_loss:1327.9227
sentence_shape: torch.Size([32, 60])
sample loss: epoch:16, batch:900, time:70.83s, batch_loss:1340.6733
sentence_shape: torch.Size([32, 31])
sample loss: epoch:16, batch:1000, time:65.92s, batch_loss:1296.1865
sentence_shape: torch.Size([32, 93])
sample loss: epoch:16, batch:1100, time:79.51s, batch_loss:1973.8500
sentence_shape: torch.Size([32, 31])
sample loss: epoch:16, batch:1200, time:77.41s, batch_loss:2224.5122
sentence_shape: torch.Size([32, 63])
sample loss: epoch:16, batch:1300, time:87.01s, batch_loss:2623.7656
Epoch:16 training finished. Time: 1032.68s, speed: 0.02s/instance, total loss:2240540.2500
Epoch_train_result: epoch:16, accuracy:0.9115, precision:0.4138, recall:0.2541, f_measure:0.3149 
dev_result: epoch:16, time:77.87, accuracy:0.9499, precision:0.4377, recall:0.3042, f_measure:0.3589 
training epoch: 17
 Learning rate is setted as: 0.00044012666865176535
训练数据总量： 44625
sentence_shape: torch.Size([32, 94])
sample loss: epoch:17, batch:100, time:72.48s, batch_loss:1413.6172
sentence_shape: torch.Size([32, 31])
sample loss: epoch:17, batch:200, time:66.25s, batch_loss:1297.2927
sentence_shape: torch.Size([32, 61])
sample loss: epoch:17, batch:300, time:69.48s, batch_loss:1295.4450
sentence_shape: torch.Size([32, 62])
sample loss: epoch:17, batch:400, time:72.78s, batch_loss:1407.2611
sentence_shape: torch.Size([32, 57])
sample loss: epoch:17, batch:500, time:72.39s, batch_loss:1364.5683
sentence_shape: torch.Size([32, 31])
sample loss: epoch:17, batch:600, time:68.15s, batch_loss:1259.8803
sentence_shape: torch.Size([32, 63])
sample loss: epoch:17, batch:700, time:70.05s, batch_loss:1310.1327
sentence_shape: torch.Size([32, 60])
sample loss: epoch:17, batch:800, time:64.28s, batch_loss:1279.8558
sentence_shape: torch.Size([32, 63])
sample loss: epoch:17, batch:900, time:65.62s, batch_loss:1302.8617
sentence_shape: torch.Size([32, 60])
sample loss: epoch:17, batch:1000, time:91.13s, batch_loss:2673.4347
sentence_shape: torch.Size([32, 127])
sample loss: epoch:17, batch:1100, time:77.64s, batch_loss:2207.9778
sentence_shape: torch.Size([32, 61])
sample loss: epoch:17, batch:1200, time:82.78s, batch_loss:2477.2000
sentence_shape: torch.Size([32, 60])
sample loss: epoch:17, batch:1300, time:89.53s, batch_loss:2720.7197
Epoch:17 training finished. Time: 1059.02s, speed: 0.02s/instance, total loss:2448539.7500
Epoch_train_result: epoch:17, accuracy:0.9115, precision:0.4145, recall:0.2552, f_measure:0.3159 
dev_result: epoch:17, time:77.70, accuracy:0.9501, precision:0.4439, recall:0.2691, f_measure:0.3351 
training epoch: 18
 Learning rate is setted as: 0.0004181203352191771
训练数据总量： 44625
sentence_shape: torch.Size([32, 63])
sample loss: epoch:18, batch:100, time:69.75s, batch_loss:1333.4433
sentence_shape: torch.Size([32, 93])
sample loss: epoch:18, batch:200, time:74.99s, batch_loss:1371.6005
sentence_shape: torch.Size([32, 63])
sample loss: epoch:18, batch:300, time:70.63s, batch_loss:1338.1566
sentence_shape: torch.Size([32, 62])
sample loss: epoch:18, batch:400, time:108.08s, batch_loss:1901.3434
sentence_shape: torch.Size([32, 63])
sample loss: epoch:18, batch:500, time:113.29s, batch_loss:2311.7892
sentence_shape: torch.Size([32, 63])
sample loss: epoch:18, batch:600, time:111.28s, batch_loss:2376.0669
sentence_shape: torch.Size([32, 63])
sample loss: epoch:18, batch:700, time:121.99s, batch_loss:2710.6363
sentence_shape: torch.Size([32, 31])
sample loss: epoch:18, batch:800, time:111.39s, batch_loss:2453.4683
sentence_shape: torch.Size([32, 95])
sample loss: epoch:18, batch:900, time:119.87s, batch_loss:2695.0194
sentence_shape: torch.Size([32, 92])
sample loss: epoch:18, batch:1000, time:103.58s, batch_loss:2283.8219
sentence_shape: torch.Size([32, 62])
sample loss: epoch:18, batch:1100, time:112.45s, batch_loss:2560.2094
sentence_shape: torch.Size([32, 120])
sample loss: epoch:18, batch:1200, time:118.00s, batch_loss:2613.0652
sentence_shape: torch.Size([32, 59])
sample loss: epoch:18, batch:1300, time:108.31s, batch_loss:2546.8019
Epoch:18 training finished. Time: 1452.83s, speed: 0.03s/instance, total loss:3065996.0000
Epoch_train_result: epoch:18, accuracy:0.9116, precision:0.4146, recall:0.2558, f_measure:0.3164 
dev_result: epoch:18, time:88.53, accuracy:0.9508, precision:0.4683, recall:0.2911, f_measure:0.3590 
training epoch: 19
 Learning rate is setted as: 0.0003972143184582182
训练数据总量： 44625
sentence_shape: torch.Size([32, 60])
sample loss: epoch:19, batch:100, time:93.85s, batch_loss:1341.8122
sentence_shape: torch.Size([32, 31])
sample loss: epoch:19, batch:200, time:94.19s, batch_loss:1322.7167
sentence_shape: torch.Size([32, 31])
sample loss: epoch:19, batch:300, time:104.93s, batch_loss:1470.3355
sentence_shape: torch.Size([32, 63])
sample loss: epoch:19, batch:400, time:94.77s, batch_loss:1312.2311
sentence_shape: torch.Size([32, 31])
sample loss: epoch:19, batch:500, time:96.82s, batch_loss:1344.9492
sentence_shape: torch.Size([32, 31])
sample loss: epoch:19, batch:600, time:96.94s, batch_loss:1343.7094
sentence_shape: torch.Size([32, 125])
sample loss: epoch:19, batch:700, time:93.30s, batch_loss:1326.3427
sentence_shape: torch.Size([32, 62])
sample loss: epoch:19, batch:800, time:95.33s, batch_loss:1367.1281
sentence_shape: torch.Size([32, 188])
sample loss: epoch:19, batch:900, time:104.28s, batch_loss:1839.1650
sentence_shape: torch.Size([32, 62])
sample loss: epoch:19, batch:1000, time:124.20s, batch_loss:2724.1031
sentence_shape: torch.Size([32, 90])
sample loss: epoch:19, batch:1100, time:114.14s, batch_loss:2646.2953
sentence_shape: torch.Size([32, 57])
sample loss: epoch:19, batch:1200, time:112.96s, batch_loss:2499.8728
sentence_shape: torch.Size([32, 61])
sample loss: epoch:19, batch:1300, time:116.62s, batch_loss:2557.7266
Epoch:19 training finished. Time: 1458.41s, speed: 0.03s/instance, total loss:2529109.7500
Epoch_train_result: epoch:19, accuracy:0.9115, precision:0.4162, recall:0.2565, f_measure:0.3174 
dev_result: epoch:19, time:94.41, accuracy:0.9508, precision:0.5101, recall:0.2811, f_measure:0.3624 
training epoch: 20
 Learning rate is setted as: 0.00037735360253530727
训练数据总量： 44625
sentence_shape: torch.Size([32, 61])
sample loss: epoch:20, batch:100, time:98.15s, batch_loss:1349.8903
sentence_shape: torch.Size([32, 62])
sample loss: epoch:20, batch:200, time:94.46s, batch_loss:1320.5769
sentence_shape: torch.Size([32, 94])
sample loss: epoch:20, batch:300, time:96.10s, batch_loss:1366.3194
sentence_shape: torch.Size([32, 63])
sample loss: epoch:20, batch:400, time:95.43s, batch_loss:1365.8169
sentence_shape: torch.Size([32, 31])
sample loss: epoch:20, batch:500, time:103.96s, batch_loss:1399.1448
sentence_shape: torch.Size([32, 61])
sample loss: epoch:20, batch:600, time:97.46s, batch_loss:1378.3744
sentence_shape: torch.Size([32, 63])
sample loss: epoch:20, batch:700, time:95.12s, batch_loss:1310.6659
sentence_shape: torch.Size([32, 126])
sample loss: epoch:20, batch:800, time:98.54s, batch_loss:1372.6112
sentence_shape: torch.Size([32, 95])
sample loss: epoch:20, batch:900, time:100.66s, batch_loss:1809.6741
sentence_shape: torch.Size([32, 31])
sample loss: epoch:20, batch:1000, time:110.33s, batch_loss:2411.6984
sentence_shape: torch.Size([32, 63])
sample loss: epoch:20, batch:1100, time:120.01s, batch_loss:2597.7430
sentence_shape: torch.Size([32, 30])
sample loss: epoch:20, batch:1200, time:118.28s, batch_loss:2557.4717
sentence_shape: torch.Size([32, 56])
sample loss: epoch:20, batch:1300, time:109.85s, batch_loss:2316.6283
Epoch:20 training finished. Time: 1460.63s, speed: 0.03s/instance, total loss:2487948.2500
Epoch_train_result: epoch:20, accuracy:0.9116, precision:0.4167, recall:0.2579, f_measure:0.3186 
dev_result: epoch:20, time:94.31, accuracy:0.9512, precision:0.4638, recall:0.2948, f_measure:0.3605 
training epoch: 21
 Learning rate is setted as: 0.0003584859224085419
训练数据总量： 44625
sentence_shape: torch.Size([32, 31])
sample loss: epoch:21, batch:100, time:91.80s, batch_loss:1262.5670
sentence_shape: torch.Size([32, 63])
sample loss: epoch:21, batch:200, time:98.34s, batch_loss:1344.3675
sentence_shape: torch.Size([32, 60])
sample loss: epoch:21, batch:300, time:103.03s, batch_loss:1506.3652
sentence_shape: torch.Size([32, 31])
sample loss: epoch:21, batch:400, time:99.69s, batch_loss:1351.6633
sentence_shape: torch.Size([32, 60])
sample loss: epoch:21, batch:500, time:120.98s, batch_loss:2613.1075
sentence_shape: torch.Size([32, 60])
sample loss: epoch:21, batch:600, time:105.41s, batch_loss:2174.5200
sentence_shape: torch.Size([32, 156])
sample loss: epoch:21, batch:700, time:110.31s, batch_loss:2174.6234
sentence_shape: torch.Size([32, 93])
sample loss: epoch:21, batch:800, time:113.65s, batch_loss:2473.2086
sentence_shape: torch.Size([32, 253])
sample loss: epoch:21, batch:900, time:113.97s, batch_loss:2381.9080
sentence_shape: torch.Size([32, 62])
sample loss: epoch:21, batch:1000, time:110.47s, batch_loss:2185.0486
sentence_shape: torch.Size([32, 62])
sample loss: epoch:21, batch:1100, time:116.00s, batch_loss:2571.3248
sentence_shape: torch.Size([32, 31])
sample loss: epoch:21, batch:1200, time:117.32s, batch_loss:2460.4458
sentence_shape: torch.Size([32, 90])
sample loss: epoch:21, batch:1300, time:118.96s, batch_loss:2639.0653
Epoch:21 training finished. Time: 1536.27s, speed: 0.03s/instance, total loss:2936897.7500
Epoch_train_result: epoch:21, accuracy:0.9121, precision:0.4188, recall:0.2594, f_measure:0.3204 
dev_result: epoch:21, time:94.17, accuracy:0.9498, precision:0.4516, recall:0.2691, f_measure:0.3372 
training epoch: 22
 Learning rate is setted as: 0.0003405616262881148
训练数据总量： 44625
sentence_shape: torch.Size([32, 31])
sample loss: epoch:22, batch:100, time:97.15s, batch_loss:1303.4242
sentence_shape: torch.Size([32, 63])
sample loss: epoch:22, batch:200, time:106.75s, batch_loss:1885.7723
sentence_shape: torch.Size([32, 62])
sample loss: epoch:22, batch:300, time:114.85s, batch_loss:2407.0287
sentence_shape: torch.Size([32, 94])
sample loss: epoch:22, batch:400, time:114.93s, batch_loss:2541.6148
sentence_shape: torch.Size([32, 63])
sample loss: epoch:22, batch:500, time:113.41s, batch_loss:2369.6036
sentence_shape: torch.Size([32, 60])
sample loss: epoch:22, batch:600, time:115.92s, batch_loss:2647.6350
sentence_shape: torch.Size([32, 186])
sample loss: epoch:22, batch:700, time:111.65s, batch_loss:2349.7967
sentence_shape: torch.Size([32, 63])
sample loss: epoch:22, batch:800, time:110.56s, batch_loss:2481.8134
sentence_shape: torch.Size([32, 63])
sample loss: epoch:22, batch:900, time:119.50s, batch_loss:2771.3412
sentence_shape: torch.Size([32, 126])
sample loss: epoch:22, batch:1000, time:113.02s, batch_loss:2409.8991
sentence_shape: torch.Size([32, 90])
sample loss: epoch:22, batch:1100, time:118.13s, batch_loss:2505.9673
sentence_shape: torch.Size([32, 95])
sample loss: epoch:22, batch:1200, time:113.15s, batch_loss:2358.9781
sentence_shape: torch.Size([32, 92])
sample loss: epoch:22, batch:1300, time:114.24s, batch_loss:2526.9614
Epoch:22 training finished. Time: 1577.88s, speed: 0.04s/instance, total loss:3281630.0000
Epoch_train_result: epoch:22, accuracy:0.9121, precision:0.4184, recall:0.2592, f_measure:0.3201 
dev_result: epoch:22, time:86.00, accuracy:0.9496, precision:0.4579, recall:0.2579, f_measure:0.3300 
training epoch: 23
 Learning rate is setted as: 0.000323533544973709
训练数据总量： 44625
sentence_shape: torch.Size([32, 31])
sample loss: epoch:23, batch:100, time:96.84s, batch_loss:1346.3252
sentence_shape: torch.Size([32, 63])
sample loss: epoch:23, batch:200, time:90.93s, batch_loss:1331.8892
sentence_shape: torch.Size([32, 31])
sample loss: epoch:23, batch:300, time:90.40s, batch_loss:1249.2878
sentence_shape: torch.Size([32, 63])
sample loss: epoch:23, batch:400, time:100.03s, batch_loss:1391.3620
sentence_shape: torch.Size([32, 63])
sample loss: epoch:23, batch:500, time:106.28s, batch_loss:1515.2031
sentence_shape: torch.Size([32, 62])
sample loss: epoch:23, batch:600, time:109.90s, batch_loss:1797.0587
sentence_shape: torch.Size([32, 94])
sample loss: epoch:23, batch:700, time:116.78s, batch_loss:2620.8956
sentence_shape: torch.Size([32, 61])
sample loss: epoch:23, batch:800, time:109.81s, batch_loss:2296.0683
sentence_shape: torch.Size([32, 62])
sample loss: epoch:23, batch:900, time:109.65s, batch_loss:2425.5361
sentence_shape: torch.Size([32, 90])
sample loss: epoch:23, batch:1000, time:114.01s, batch_loss:2380.1908
sentence_shape: torch.Size([32, 62])
sample loss: epoch:23, batch:1100, time:105.81s, batch_loss:2155.9655
sentence_shape: torch.Size([32, 63])
sample loss: epoch:23, batch:1200, time:106.06s, batch_loss:2202.3269
sentence_shape: torch.Size([32, 63])
sample loss: epoch:23, batch:1300, time:117.64s, batch_loss:2510.7267
Epoch:23 training finished. Time: 1496.21s, speed: 0.03s/instance, total loss:2751849.5000
Epoch_train_result: epoch:23, accuracy:0.9122, precision:0.4209, recall:0.2601, f_measure:0.3215 
dev_result: epoch:23, time:87.02, accuracy:0.9507, precision:0.4624, recall:0.2882, f_measure:0.3551 
training epoch: 24
 Learning rate is setted as: 0.00030735686772502356
训练数据总量： 44625
sentence_shape: torch.Size([32, 31])
sample loss: epoch:24, batch:100, time:103.90s, batch_loss:1487.5009
sentence_shape: torch.Size([32, 30])
sample loss: epoch:24, batch:200, time:98.76s, batch_loss:1324.8941
sentence_shape: torch.Size([32, 94])
sample loss: epoch:24, batch:300, time:91.84s, batch_loss:1289.1022
sentence_shape: torch.Size([32, 63])
sample loss: epoch:24, batch:400, time:99.73s, batch_loss:1371.1653
sentence_shape: torch.Size([32, 62])
sample loss: epoch:24, batch:500, time:103.39s, batch_loss:1390.9077
sentence_shape: torch.Size([32, 31])
sample loss: epoch:24, batch:600, time:103.63s, batch_loss:1399.7433
sentence_shape: torch.Size([32, 31])
sample loss: epoch:24, batch:700, time:96.67s, batch_loss:1304.0573
sentence_shape: torch.Size([32, 58])
sample loss: epoch:24, batch:800, time:95.28s, batch_loss:1302.3244
sentence_shape: torch.Size([32, 31])
sample loss: epoch:24, batch:900, time:98.74s, batch_loss:1388.6019
sentence_shape: torch.Size([32, 63])
sample loss: epoch:24, batch:1000, time:101.56s, batch_loss:1379.7717
sentence_shape: torch.Size([32, 61])
sample loss: epoch:24, batch:1100, time:90.69s, batch_loss:1235.5855
sentence_shape: torch.Size([32, 159])
sample loss: epoch:24, batch:1200, time:96.05s, batch_loss:1262.4816
sentence_shape: torch.Size([32, 60])
sample loss: epoch:24, batch:1300, time:125.92s, batch_loss:2917.4862
Epoch:24 training finished. Time: 1421.00s, speed: 0.03s/instance, total loss:2125306.5000
Epoch_train_result: epoch:24, accuracy:0.9124, precision:0.4212, recall:0.2627, f_measure:0.3236 
dev_result: epoch:24, time:91.96, accuracy:0.9516, precision:0.4916, recall:0.3088, f_measure:0.3793 
epoch:24 dev set exceed best f score0.3783
training epoch: 25
 Learning rate is setted as: 0.0002919890243387724
训练数据总量： 44625
sentence_shape: torch.Size([32, 63])
sample loss: epoch:25, batch:100, time:97.06s, batch_loss:1349.0077
sentence_shape: torch.Size([32, 127])
sample loss: epoch:25, batch:200, time:110.05s, batch_loss:2167.9111
sentence_shape: torch.Size([32, 93])
sample loss: epoch:25, batch:300, time:116.89s, batch_loss:2615.3884
sentence_shape: torch.Size([32, 93])
sample loss: epoch:25, batch:400, time:117.27s, batch_loss:2615.5705
sentence_shape: torch.Size([32, 63])
sample loss: epoch:25, batch:500, time:106.91s, batch_loss:2224.0945
sentence_shape: torch.Size([32, 62])
sample loss: epoch:25, batch:600, time:120.51s, batch_loss:2548.7403
sentence_shape: torch.Size([32, 95])
sample loss: epoch:25, batch:700, time:127.59s, batch_loss:2881.5350
sentence_shape: torch.Size([32, 91])
sample loss: epoch:25, batch:800, time:97.16s, batch_loss:2366.5012
sentence_shape: torch.Size([32, 61])
sample loss: epoch:25, batch:900, time:78.81s, batch_loss:2338.4548
sentence_shape: torch.Size([32, 59])
sample loss: epoch:25, batch:1000, time:85.71s, batch_loss:2496.7691
sentence_shape: torch.Size([32, 63])
sample loss: epoch:25, batch:1100, time:83.15s, batch_loss:2367.5338
sentence_shape: torch.Size([32, 92])
sample loss: epoch:25, batch:1200, time:80.89s, batch_loss:2396.4889
sentence_shape: torch.Size([32, 31])
sample loss: epoch:25, batch:1300, time:83.64s, batch_loss:2391.7400
Epoch:25 training finished. Time: 1390.45s, speed: 0.03s/instance, total loss:3299476.2500
Epoch_train_result: epoch:25, accuracy:0.9124, precision:0.4230, recall:0.2629, f_measure:0.3243 
dev_result: epoch:25, time:75.90, accuracy:0.9506, precision:0.4738, recall:0.2862, f_measure:0.3568 
training epoch: 26
 Learning rate is setted as: 0.00027738957312183375
训练数据总量： 44625
sentence_shape: torch.Size([32, 31])
sample loss: epoch:26, batch:100, time:67.84s, batch_loss:1342.3341
sentence_shape: torch.Size([32, 30])
sample loss: epoch:26, batch:200, time:64.21s, batch_loss:1241.6822
sentence_shape: torch.Size([32, 63])
sample loss: epoch:26, batch:300, time:66.54s, batch_loss:1297.5004
sentence_shape: torch.Size([32, 63])
sample loss: epoch:26, batch:400, time:71.19s, batch_loss:1362.3122
sentence_shape: torch.Size([32, 30])
sample loss: epoch:26, batch:500, time:69.72s, batch_loss:1329.9547
sentence_shape: torch.Size([32, 63])
sample loss: epoch:26, batch:600, time:75.31s, batch_loss:1369.0428
sentence_shape: torch.Size([32, 62])
sample loss: epoch:26, batch:700, time:78.79s, batch_loss:1473.4230
sentence_shape: torch.Size([32, 62])
sample loss: epoch:26, batch:800, time:69.88s, batch_loss:1385.9189
sentence_shape: torch.Size([32, 91])
sample loss: epoch:26, batch:900, time:64.77s, batch_loss:1236.1648
sentence_shape: torch.Size([32, 95])
sample loss: epoch:26, batch:1000, time:65.24s, batch_loss:1280.9645
sentence_shape: torch.Size([32, 95])
sample loss: epoch:26, batch:1100, time:80.66s, batch_loss:2116.2572
sentence_shape: torch.Size([32, 86])
sample loss: epoch:26, batch:1200, time:84.55s, batch_loss:2491.7683
sentence_shape: torch.Size([32, 62])
sample loss: epoch:26, batch:1300, time:77.89s, batch_loss:2375.6931
Epoch:26 training finished. Time: 1035.26s, speed: 0.02s/instance, total loss:2298180.5000
Epoch_train_result: epoch:26, accuracy:0.9123, precision:0.4209, recall:0.2614, f_measure:0.3225 
dev_result: epoch:26, time:78.60, accuracy:0.9493, precision:0.4405, recall:0.2631, f_measure:0.3294 
training epoch: 27
 Learning rate is setted as: 0.00026352009446574203
训练数据总量： 44625
sentence_shape: torch.Size([32, 63])
sample loss: epoch:27, batch:100, time:65.07s, batch_loss:1254.3626
sentence_shape: torch.Size([32, 63])
sample loss: epoch:27, batch:200, time:62.45s, batch_loss:1244.4742
sentence_shape: torch.Size([32, 59])
sample loss: epoch:27, batch:300, time:70.66s, batch_loss:1340.3325
sentence_shape: torch.Size([32, 120])
sample loss: epoch:27, batch:400, time:66.79s, batch_loss:1308.7644
sentence_shape: torch.Size([32, 31])
sample loss: epoch:27, batch:500, time:65.00s, batch_loss:1258.2527
sentence_shape: torch.Size([32, 156])
sample loss: epoch:27, batch:600, time:69.78s, batch_loss:1335.8552
sentence_shape: torch.Size([32, 186])
sample loss: epoch:27, batch:700, time:86.31s, batch_loss:2326.5455
sentence_shape: torch.Size([32, 88])
sample loss: epoch:27, batch:800, time:81.77s, batch_loss:2444.5611
sentence_shape: torch.Size([32, 60])
sample loss: epoch:27, batch:900, time:77.41s, batch_loss:2300.7900
sentence_shape: torch.Size([32, 87])
sample loss: epoch:27, batch:1000, time:96.09s, batch_loss:2952.8572
sentence_shape: torch.Size([32, 93])
sample loss: epoch:27, batch:1100, time:78.89s, batch_loss:2242.1109
sentence_shape: torch.Size([32, 63])
sample loss: epoch:27, batch:1200, time:82.48s, batch_loss:2361.0597
sentence_shape: torch.Size([32, 220])
sample loss: epoch:27, batch:1300, time:103.18s, batch_loss:3061.6744
Epoch:27 training finished. Time: 1099.13s, speed: 0.02s/instance, total loss:2784873.2500
Epoch_train_result: epoch:27, accuracy:0.9124, precision:0.4225, recall:0.2633, f_measure:0.3245 
dev_result: epoch:27, time:77.70, accuracy:0.9512, precision:0.4700, recall:0.2999, f_measure:0.3662 
training epoch: 28
 Learning rate is setted as: 0.00025034408974245495
训练数据总量： 44625
sentence_shape: torch.Size([32, 61])
sample loss: epoch:28, batch:100, time:65.29s, batch_loss:1294.5777
sentence_shape: torch.Size([32, 31])
sample loss: epoch:28, batch:200, time:67.00s, batch_loss:1318.9273
sentence_shape: torch.Size([32, 61])
sample loss: epoch:28, batch:300, time:68.44s, batch_loss:1273.0951
sentence_shape: torch.Size([32, 92])
sample loss: epoch:28, batch:400, time:73.21s, batch_loss:1389.1602
sentence_shape: torch.Size([32, 63])
sample loss: epoch:28, batch:500, time:65.28s, batch_loss:1298.9534
sentence_shape: torch.Size([32, 94])
sample loss: epoch:28, batch:600, time:67.76s, batch_loss:1319.0284
sentence_shape: torch.Size([32, 59])
sample loss: epoch:28, batch:700, time:68.32s, batch_loss:1280.0233
sentence_shape: torch.Size([32, 62])
sample loss: epoch:28, batch:800, time:86.10s, batch_loss:1792.7230
sentence_shape: torch.Size([32, 60])
sample loss: epoch:28, batch:900, time:80.44s, batch_loss:2211.2802
sentence_shape: torch.Size([32, 94])
sample loss: epoch:28, batch:1000, time:85.64s, batch_loss:2530.5730
sentence_shape: torch.Size([32, 95])
sample loss: epoch:28, batch:1100, time:77.59s, batch_loss:2187.7806
sentence_shape: torch.Size([32, 117])
sample loss: epoch:28, batch:1200, time:92.64s, batch_loss:2886.9969
sentence_shape: torch.Size([32, 57])
sample loss: epoch:28, batch:1300, time:76.03s, batch_loss:2191.4525
Epoch:28 training finished. Time: 1064.00s, speed: 0.02s/instance, total loss:2530838.7500
Epoch_train_result: epoch:28, accuracy:0.9126, precision:0.4218, recall:0.2638, f_measure:0.3246 
dev_result: epoch:28, time:77.33, accuracy:0.9513, precision:0.4609, recall:0.3013, f_measure:0.3644 
training epoch: 29
 Learning rate is setted as: 0.00023782688525533216
训练数据总量： 44625
sentence_shape: torch.Size([32, 61])
sample loss: epoch:29, batch:100, time:74.12s, batch_loss:1465.3005
sentence_shape: torch.Size([32, 31])
sample loss: epoch:29, batch:200, time:68.26s, batch_loss:1307.4053
sentence_shape: torch.Size([32, 63])
sample loss: epoch:29, batch:300, time:71.03s, batch_loss:1337.7378
sentence_shape: torch.Size([32, 62])
sample loss: epoch:29, batch:400, time:69.39s, batch_loss:1351.0914
sentence_shape: torch.Size([32, 63])
sample loss: epoch:29, batch:500, time:65.10s, batch_loss:1316.1239
sentence_shape: torch.Size([32, 91])
sample loss: epoch:29, batch:600, time:70.15s, batch_loss:1299.4670
sentence_shape: torch.Size([32, 62])
sample loss: epoch:29, batch:700, time:86.08s, batch_loss:2348.9637
sentence_shape: torch.Size([32, 60])
sample loss: epoch:29, batch:800, time:86.68s, batch_loss:2707.6106
sentence_shape: torch.Size([32, 62])
sample loss: epoch:29, batch:900, time:83.75s, batch_loss:2396.4689
sentence_shape: torch.Size([32, 63])
sample loss: epoch:29, batch:1000, time:82.32s, batch_loss:2317.1388
sentence_shape: torch.Size([32, 61])
sample loss: epoch:29, batch:1100, time:81.65s, batch_loss:2375.2903
sentence_shape: torch.Size([32, 63])
sample loss: epoch:29, batch:1200, time:81.62s, batch_loss:2401.9509
sentence_shape: torch.Size([32, 94])
sample loss: epoch:29, batch:1300, time:86.68s, batch_loss:2615.5391
Epoch:29 training finished. Time: 1093.71s, speed: 0.02s/instance, total loss:2747895.2500
Epoch_train_result: epoch:29, accuracy:0.9124, precision:0.4226, recall:0.2632, f_measure:0.3244 
dev_result: epoch:29, time:76.63, accuracy:0.9509, precision:0.4652, recall:0.2822, f_measure:0.3513 
training epoch: 30
 Learning rate is setted as: 0.00022593554099256555
训练数据总量： 44625
sentence_shape: torch.Size([32, 31])
sample loss: epoch:30, batch:100, time:66.46s, batch_loss:1287.3445
sentence_shape: torch.Size([32, 95])
sample loss: epoch:30, batch:200, time:85.08s, batch_loss:2449.3642
sentence_shape: torch.Size([32, 93])
sample loss: epoch:30, batch:300, time:86.24s, batch_loss:2607.9134
sentence_shape: torch.Size([32, 121])
sample loss: epoch:30, batch:400, time:81.91s, batch_loss:2476.8623
sentence_shape: torch.Size([32, 62])
sample loss: epoch:30, batch:500, time:78.83s, batch_loss:2259.7327
sentence_shape: torch.Size([32, 95])
sample loss: epoch:30, batch:600, time:87.66s, batch_loss:2487.0017
sentence_shape: torch.Size([32, 58])
sample loss: epoch:30, batch:700, time:87.22s, batch_loss:2500.2762
sentence_shape: torch.Size([32, 31])
sample loss: epoch:30, batch:800, time:84.39s, batch_loss:2397.1481
sentence_shape: torch.Size([32, 61])
sample loss: epoch:30, batch:900, time:87.82s, batch_loss:2678.4359
sentence_shape: torch.Size([32, 190])
sample loss: epoch:30, batch:1000, time:86.30s, batch_loss:2611.2905
sentence_shape: torch.Size([32, 126])
sample loss: epoch:30, batch:1100, time:85.39s, batch_loss:2475.6186
sentence_shape: torch.Size([32, 62])
sample loss: epoch:30, batch:1200, time:79.26s, batch_loss:2378.0447
sentence_shape: torch.Size([32, 63])
sample loss: epoch:30, batch:1300, time:82.44s, batch_loss:2307.3533
Epoch:30 training finished. Time: 1167.58s, speed: 0.03s/instance, total loss:3323928.7500
Epoch_train_result: epoch:30, accuracy:0.9127, precision:0.4246, recall:0.2645, f_measure:0.3260 
dev_result: epoch:30, time:84.93, accuracy:0.9520, precision:0.4719, recall:0.3265, f_measure:0.3860 
epoch:30 dev set exceed best f score0.3793
loss list: [3420660.25, 2126520.0, 2821406.75, 2200218.75, 2755021.75, 2178567.0, 3209516.75, 2911989.5, 2728348.25, 3266703.75, 1944445.75, 2427869.5, 2492528.0, 2549260.0, 2827370.5, 2240540.25, 2448539.75, 3065996.0, 2529109.75, 2487948.25, 2936897.75, 3281630.0, 2751849.5, 2125306.5, 3299476.25, 2298180.5, 2784873.25, 2530838.75, 2747895.25, 3323928.75]
train f1 list: [0.09292730844793712, 0.2511733347501904, 0.2768814441818244, 0.2892803084754649, 0.29099926617576355, 0.296718805127602, 0.3010808589852168, 0.30125228411929383, 0.30382603172480654, 0.30614698662391665, 0.30855951636439444, 0.30917383849649593, 0.31138421625936485, 0.3118121240859517, 0.31113772255902333, 0.31486279981396587, 0.3159134842740162, 0.31642474031949197, 0.31742530413221764, 0.31858113982429853, 0.3203516236104328, 0.3201033018516526, 0.32152177695296646, 0.32357773246262184, 0.32427829767534144, 0.32250062019350034, 0.32445912469033855, 0.3245583650848632, 0.32436272323272375, 0.32596361113634675]
train precision list: [0.25014690327888117, 0.37005531781651185, 0.3833530946170263, 0.39180429255331334, 0.39244682061198954, 0.3974122412241224, 0.40203784570596796, 0.40201342281879193, 0.40346710467903757, 0.40592064476131434, 0.4082254043201024, 0.40780344282452136, 0.41006548257813014, 0.41094178269926546, 0.4098188270861174, 0.41383224905034277, 0.41451307395876424, 0.4146479240445825, 0.41618283427925284, 0.41666847155140674, 0.41877123504079294, 0.4184466229522387, 0.42092019349660514, 0.4212144008597528, 0.4230404210344679, 0.42091175962700744, 0.42251279624930105, 0.42178256023321614, 0.4226000860955661, 0.42457884205770346]
train recall list: [0.05706281332940136, 0.19010214203372564, 0.2166966033082223, 0.22928339722795635, 0.23122704485134446, 0.23673628052867215, 0.24065038470818476, 0.24087826063644407, 0.2436529851746602, 0.24574408192809843, 0.24800943674432321, 0.24896115385646497, 0.25098522827806224, 0.25121310420632154, 0.25075735234980295, 0.25409506447548325, 0.2552076351840433, 0.2558242406369802, 0.2565480818208627, 0.2578751239913139, 0.2593898286909198, 0.2591887616953969, 0.2601002654084341, 0.2626873274174955, 0.26290179887938664, 0.2613870941797807, 0.263344146269537, 0.263759684726951, 0.2631832926731187, 0.26452373930993806]
dev f1 list: [0.23110580747812254, 0.2991483321504613, 0.36801107841440195, 0.3301073376737639, 0.34460271151535954, 0.31655992680695333, 0.35876145995502506, 0.34833659491193736, 0.36906424581005587, 0.34882083773319256, 0.24554455445544554, 0.3782571182053494, 0.3702564102564102, 0.32623853211009174, 0.3549965059399022, 0.3589484327603641, 0.3350524630979904, 0.3589924255768892, 0.36243093922651937, 0.3604610548375829, 0.3372113835689995, 0.3299835556367623, 0.3550941404187929, 0.3792982456140351, 0.3568376068376068, 0.32939914163090134, 0.3661726242371403, 0.3644214162348877, 0.35128888888888893, 0.3859530643255107]
dev precision list: [0.3804846103470858, 0.394847775175644, 0.46704745166959577, 0.4298808432630614, 0.4316423043852107, 0.4404276985743381, 0.4548245614035088, 0.46179245283018866, 0.4746295464750786, 0.4543787253553416, 0.3320350535540409, 0.4777680906713165, 0.4610472541507024, 0.4561313494099538, 0.4570400359874044, 0.43773119605425403, 0.4439208294062206, 0.46829044117647056, 0.5101088646967341, 0.4638202247191011, 0.45158197507190795, 0.4579107505070994, 0.46241979835013747, 0.49158708503865395, 0.47375886524822697, 0.44045911047345765, 0.4700089525514772, 0.46089995631280034, 0.4651600753295669, 0.4719240297274979]
dev recall list: [0.1659525849757212, 0.24078834618680378, 0.30362753499000283, 0.26792345044273064, 0.28677520708369036, 0.24707226506712368, 0.29620108540417023, 0.2796343901742359, 0.3019137389317338, 0.28306198229077406, 0.19480148528991717, 0.3130534133104827, 0.3093401885175664, 0.25392744930019995, 0.2902027992002285, 0.3041988003427592, 0.26906598114824337, 0.29105969722936303, 0.2810625535561268, 0.29477292202227934, 0.26906598114824337, 0.2579263067694944, 0.28820337046558125, 0.30876892316481, 0.286203941730934, 0.26306769494430166, 0.29991431019708653, 0.3013424735789774, 0.28220508426163954, 0.3264781491002571]
