gpu是否空闲： True
init iterator: data/MSRA/msra_train_bioes
init iterator: data/MSRA/msra_dev_bioes
encoder.embedding.weight torch.Size([4857, 256])
encoder.encoder_layer.0.context_encoder.q_multi_linear.weight torch.Size([256, 256])
encoder.encoder_layer.0.context_encoder.q_multi_linear.bias torch.Size([256])
encoder.encoder_layer.0.context_encoder.k_multi_linear.weight torch.Size([256, 256])
encoder.encoder_layer.0.context_encoder.k_multi_linear.bias torch.Size([256])
encoder.encoder_layer.0.context_encoder.v_multi_linear.weight torch.Size([256, 256])
encoder.encoder_layer.0.context_encoder.v_multi_linear.bias torch.Size([256])
encoder.encoder_layer.0.context_encoder.o_matrix.weight torch.Size([256, 256])
encoder.encoder_layer.0.context_encoder.o_matrix.bias torch.Size([256])
encoder.encoder_layer.0.att_layer_norm.gamma torch.Size([256])
encoder.encoder_layer.0.att_layer_norm.beta torch.Size([256])
encoder.encoder_layer.0.position_layer.fc1.weight torch.Size([1024, 256])
encoder.encoder_layer.0.position_layer.fc1.bias torch.Size([1024])
encoder.encoder_layer.0.position_layer.fc2.weight torch.Size([256, 1024])
encoder.encoder_layer.0.position_layer.fc2.bias torch.Size([256])
encoder.encoder_layer.0.pos_layer_norm.gamma torch.Size([256])
encoder.encoder_layer.0.pos_layer_norm.beta torch.Size([256])
encoder.encoder_layer.1.context_encoder.q_multi_linear.weight torch.Size([256, 256])
encoder.encoder_layer.1.context_encoder.q_multi_linear.bias torch.Size([256])
encoder.encoder_layer.1.context_encoder.k_multi_linear.weight torch.Size([256, 256])
encoder.encoder_layer.1.context_encoder.k_multi_linear.bias torch.Size([256])
encoder.encoder_layer.1.context_encoder.v_multi_linear.weight torch.Size([256, 256])
encoder.encoder_layer.1.context_encoder.v_multi_linear.bias torch.Size([256])
encoder.encoder_layer.1.context_encoder.o_matrix.weight torch.Size([256, 256])
encoder.encoder_layer.1.context_encoder.o_matrix.bias torch.Size([256])
encoder.encoder_layer.1.att_layer_norm.gamma torch.Size([256])
encoder.encoder_layer.1.att_layer_norm.beta torch.Size([256])
encoder.encoder_layer.1.position_layer.fc1.weight torch.Size([1024, 256])
encoder.encoder_layer.1.position_layer.fc1.bias torch.Size([1024])
encoder.encoder_layer.1.position_layer.fc2.weight torch.Size([256, 1024])
encoder.encoder_layer.1.position_layer.fc2.bias torch.Size([256])
encoder.encoder_layer.1.pos_layer_norm.gamma torch.Size([256])
encoder.encoder_layer.1.pos_layer_norm.beta torch.Size([256])
encoder.encoder_layer.2.context_encoder.q_multi_linear.weight torch.Size([256, 256])
encoder.encoder_layer.2.context_encoder.q_multi_linear.bias torch.Size([256])
encoder.encoder_layer.2.context_encoder.k_multi_linear.weight torch.Size([256, 256])
encoder.encoder_layer.2.context_encoder.k_multi_linear.bias torch.Size([256])
encoder.encoder_layer.2.context_encoder.v_multi_linear.weight torch.Size([256, 256])
encoder.encoder_layer.2.context_encoder.v_multi_linear.bias torch.Size([256])
encoder.encoder_layer.2.context_encoder.o_matrix.weight torch.Size([256, 256])
encoder.encoder_layer.2.context_encoder.o_matrix.bias torch.Size([256])
encoder.encoder_layer.2.att_layer_norm.gamma torch.Size([256])
encoder.encoder_layer.2.att_layer_norm.beta torch.Size([256])
encoder.encoder_layer.2.position_layer.fc1.weight torch.Size([1024, 256])
encoder.encoder_layer.2.position_layer.fc1.bias torch.Size([1024])
encoder.encoder_layer.2.position_layer.fc2.weight torch.Size([256, 1024])
encoder.encoder_layer.2.position_layer.fc2.bias torch.Size([256])
encoder.encoder_layer.2.pos_layer_norm.gamma torch.Size([256])
encoder.encoder_layer.2.pos_layer_norm.beta torch.Size([256])
encoder.encoder_layer.3.context_encoder.q_multi_linear.weight torch.Size([256, 256])
encoder.encoder_layer.3.context_encoder.q_multi_linear.bias torch.Size([256])
encoder.encoder_layer.3.context_encoder.k_multi_linear.weight torch.Size([256, 256])
encoder.encoder_layer.3.context_encoder.k_multi_linear.bias torch.Size([256])
encoder.encoder_layer.3.context_encoder.v_multi_linear.weight torch.Size([256, 256])
encoder.encoder_layer.3.context_encoder.v_multi_linear.bias torch.Size([256])
encoder.encoder_layer.3.context_encoder.o_matrix.weight torch.Size([256, 256])
encoder.encoder_layer.3.context_encoder.o_matrix.bias torch.Size([256])
encoder.encoder_layer.3.att_layer_norm.gamma torch.Size([256])
encoder.encoder_layer.3.att_layer_norm.beta torch.Size([256])
encoder.encoder_layer.3.position_layer.fc1.weight torch.Size([1024, 256])
encoder.encoder_layer.3.position_layer.fc1.bias torch.Size([1024])
encoder.encoder_layer.3.position_layer.fc2.weight torch.Size([256, 1024])
encoder.encoder_layer.3.position_layer.fc2.bias torch.Size([256])
encoder.encoder_layer.3.pos_layer_norm.gamma torch.Size([256])
encoder.encoder_layer.3.pos_layer_norm.beta torch.Size([256])
decoder.transition_matrix torch.Size([15, 15])
decoder.feature2tag.weight torch.Size([13, 256])
需要训练的模型参数总量: 4405985
training epoch: 1
 Learning rate is setted as: 0.001
训练数据总量： 44625
sentence_shape: torch.Size([32, 62])
sample loss: epoch:1, batch:100, time:36.90s, batch_loss:1977.0881
sentence_shape: torch.Size([32, 95])
sample loss: epoch:1, batch:200, time:40.09s, batch_loss:1860.0270
sentence_shape: torch.Size([32, 31])
sample loss: epoch:1, batch:300, time:38.68s, batch_loss:1798.0797
sentence_shape: torch.Size([32, 95])
sample loss: epoch:1, batch:400, time:39.06s, batch_loss:1667.7538
sentence_shape: torch.Size([32, 62])
sample loss: epoch:1, batch:500, time:37.99s, batch_loss:1536.1625
sentence_shape: torch.Size([32, 62])
sample loss: epoch:1, batch:600, time:37.87s, batch_loss:1560.6722
sentence_shape: torch.Size([32, 93])
sample loss: epoch:1, batch:700, time:35.93s, batch_loss:1482.5114
sentence_shape: torch.Size([32, 63])
sample loss: epoch:1, batch:800, time:38.73s, batch_loss:1511.3797
sentence_shape: torch.Size([32, 95])
sample loss: epoch:1, batch:900, time:41.03s, batch_loss:1986.4298
sentence_shape: torch.Size([32, 60])
sample loss: epoch:1, batch:1000, time:45.82s, batch_loss:2752.6003
sentence_shape: torch.Size([32, 93])
sample loss: epoch:1, batch:1100, time:43.13s, batch_loss:2452.3755
sentence_shape: torch.Size([32, 63])
sample loss: epoch:1, batch:1200, time:45.62s, batch_loss:2475.1705
sentence_shape: torch.Size([32, 439])
sample loss: epoch:1, batch:1300, time:47.22s, batch_loss:2829.7337
Epoch:1 training finished. Time: 583.94s, speed: 0.01s/instance, total loss:2886907.5000
Epoch_train_result: epoch:1, accuracy:0.8878, precision:0.2858, recall:0.0552, f_measure:0.0925 
dev_result: epoch:1, time:43.85, accuracy:0.9355, precision:-1.0000, recall:0.0000, f_measure:-1.0000 
training epoch: 2
 Learning rate is setted as: 0.00095
训练数据总量： 44625
sentence_shape: torch.Size([32, 62])
sample loss: epoch:2, batch:100, time:37.23s, batch_loss:1594.9039
sentence_shape: torch.Size([32, 91])
sample loss: epoch:2, batch:200, time:38.89s, batch_loss:1631.7594
sentence_shape: torch.Size([32, 93])
sample loss: epoch:2, batch:300, time:36.46s, batch_loss:1516.6155
sentence_shape: torch.Size([32, 61])
sample loss: epoch:2, batch:400, time:41.36s, batch_loss:1789.7136
sentence_shape: torch.Size([32, 95])
sample loss: epoch:2, batch:500, time:38.93s, batch_loss:1592.2075
sentence_shape: torch.Size([32, 61])
sample loss: epoch:2, batch:600, time:37.67s, batch_loss:1571.3800
sentence_shape: torch.Size([32, 63])
sample loss: epoch:2, batch:700, time:35.96s, batch_loss:1504.9973
sentence_shape: torch.Size([32, 31])
sample loss: epoch:2, batch:800, time:36.29s, batch_loss:1565.1150
sentence_shape: torch.Size([32, 31])
sample loss: epoch:2, batch:900, time:37.74s, batch_loss:1660.8842
sentence_shape: torch.Size([32, 60])
sample loss: epoch:2, batch:1000, time:37.17s, batch_loss:1510.9291
sentence_shape: torch.Size([32, 59])
sample loss: epoch:2, batch:1100, time:42.59s, batch_loss:2266.7555
sentence_shape: torch.Size([32, 61])
sample loss: epoch:2, batch:1200, time:46.71s, batch_loss:2781.6575
sentence_shape: torch.Size([32, 31])
sample loss: epoch:2, batch:1300, time:43.58s, batch_loss:2601.6439
Epoch:2 training finished. Time: 562.01s, speed: 0.01s/instance, total loss:2621149.0000
Epoch_train_result: epoch:2, accuracy:0.8882, precision:-1.0000, recall:0.0000, f_measure:-1.0000 
dev_result: epoch:2, time:41.33, accuracy:0.9355, precision:-1.0000, recall:0.0000, f_measure:-1.0000 
training epoch: 3
 Learning rate is setted as: 0.0009025
训练数据总量： 44625
sentence_shape: torch.Size([32, 60])
sample loss: epoch:3, batch:100, time:35.76s, batch_loss:1504.8872
sentence_shape: torch.Size([32, 92])
sample loss: epoch:3, batch:200, time:38.70s, batch_loss:1675.0405
sentence_shape: torch.Size([32, 31])
sample loss: epoch:3, batch:300, time:40.66s, batch_loss:1769.4839
sentence_shape: torch.Size([32, 126])
sample loss: epoch:3, batch:400, time:37.39s, batch_loss:1560.6769
sentence_shape: torch.Size([32, 31])
sample loss: epoch:3, batch:500, time:37.31s, batch_loss:1571.8622
sentence_shape: torch.Size([32, 60])
sample loss: epoch:3, batch:600, time:34.16s, batch_loss:1419.9702
sentence_shape: torch.Size([32, 156])
sample loss: epoch:3, batch:700, time:38.51s, batch_loss:1562.7578
sentence_shape: torch.Size([32, 61])
sample loss: epoch:3, batch:800, time:34.65s, batch_loss:1489.4897
sentence_shape: torch.Size([32, 89])
sample loss: epoch:3, batch:900, time:39.68s, batch_loss:1601.9356
sentence_shape: torch.Size([32, 62])
sample loss: epoch:3, batch:1000, time:36.67s, batch_loss:1542.1980
sentence_shape: torch.Size([32, 63])
sample loss: epoch:3, batch:1100, time:35.01s, batch_loss:1505.6784
sentence_shape: torch.Size([32, 63])
sample loss: epoch:3, batch:1200, time:44.18s, batch_loss:2457.9027
sentence_shape: torch.Size([32, 92])
sample loss: epoch:3, batch:1300, time:47.05s, batch_loss:2910.0081
Epoch:3 training finished. Time: 548.69s, speed: 0.01s/instance, total loss:2491684.7500
Epoch_train_result: epoch:3, accuracy:0.8882, precision:-1.0000, recall:0.0000, f_measure:-1.0000 
dev_result: epoch:3, time:42.02, accuracy:0.9355, precision:-1.0000, recall:0.0000, f_measure:-1.0000 
training epoch: 4
 Learning rate is setted as: 0.000857375
训练数据总量： 44625
sentence_shape: torch.Size([32, 62])
sample loss: epoch:4, batch:100, time:37.37s, batch_loss:1559.2844
sentence_shape: torch.Size([32, 63])
sample loss: epoch:4, batch:200, time:36.66s, batch_loss:1543.9505
sentence_shape: torch.Size([32, 62])
sample loss: epoch:4, batch:300, time:38.64s, batch_loss:1589.4564
sentence_shape: torch.Size([32, 62])
sample loss: epoch:4, batch:400, time:36.06s, batch_loss:1533.1759
sentence_shape: torch.Size([32, 31])
sample loss: epoch:4, batch:500, time:39.48s, batch_loss:1600.6350
sentence_shape: torch.Size([32, 126])
sample loss: epoch:4, batch:600, time:35.87s, batch_loss:1510.1495
sentence_shape: torch.Size([32, 63])
sample loss: epoch:4, batch:700, time:36.17s, batch_loss:1528.1722
sentence_shape: torch.Size([32, 94])
sample loss: epoch:4, batch:800, time:41.23s, batch_loss:1761.5183
sentence_shape: torch.Size([32, 60])
sample loss: epoch:4, batch:900, time:48.90s, batch_loss:3094.8119
sentence_shape: torch.Size([32, 62])
sample loss: epoch:4, batch:1000, time:44.84s, batch_loss:2696.6484
sentence_shape: torch.Size([32, 127])
sample loss: epoch:4, batch:1100, time:41.70s, batch_loss:2601.2109
sentence_shape: torch.Size([32, 57])
sample loss: epoch:4, batch:1200, time:45.56s, batch_loss:2795.8219
sentence_shape: torch.Size([32, 63])
sample loss: epoch:4, batch:1300, time:43.55s, batch_loss:2648.3359
Epoch:4 training finished. Time: 571.00s, speed: 0.01s/instance, total loss:2868211.0000
Epoch_train_result: epoch:4, accuracy:0.8882, precision:0.0000, recall:0.0000, f_measure:-1.0000 
dev_result: epoch:4, time:41.85, accuracy:0.9347, precision:0.0000, recall:0.0000, f_measure:-1.0000 
training epoch: 5
 Learning rate is setted as: 0.0008145062499999999
训练数据总量： 44625
sentence_shape: torch.Size([32, 31])
sample loss: epoch:5, batch:100, time:37.10s, batch_loss:1552.5247
sentence_shape: torch.Size([32, 31])
sample loss: epoch:5, batch:200, time:39.53s, batch_loss:1698.9606
sentence_shape: torch.Size([32, 62])
sample loss: epoch:5, batch:300, time:36.58s, batch_loss:1542.4534
sentence_shape: torch.Size([32, 31])
sample loss: epoch:5, batch:400, time:36.72s, batch_loss:1539.7030
sentence_shape: torch.Size([32, 63])
sample loss: epoch:5, batch:500, time:36.57s, batch_loss:1506.3159
sentence_shape: torch.Size([32, 31])
sample loss: epoch:5, batch:600, time:37.39s, batch_loss:1523.7481
sentence_shape: torch.Size([32, 93])
sample loss: epoch:5, batch:700, time:35.24s, batch_loss:1513.3167
sentence_shape: torch.Size([32, 57])
sample loss: epoch:5, batch:800, time:37.76s, batch_loss:1575.5175
sentence_shape: torch.Size([32, 61])
sample loss: epoch:5, batch:900, time:36.52s, batch_loss:1531.9456
sentence_shape: torch.Size([32, 63])
sample loss: epoch:5, batch:1000, time:37.20s, batch_loss:1530.3531
sentence_shape: torch.Size([32, 31])
sample loss: epoch:5, batch:1100, time:37.15s, batch_loss:1533.9211
sentence_shape: torch.Size([32, 63])
sample loss: epoch:5, batch:1200, time:37.54s, batch_loss:1522.3989
sentence_shape: torch.Size([32, 54])
sample loss: epoch:5, batch:1300, time:45.42s, batch_loss:2577.3939
Epoch:5 training finished. Time: 540.10s, speed: 0.01s/instance, total loss:2363463.0000
Epoch_train_result: epoch:5, accuracy:0.8874, precision:0.0917, recall:0.0006, f_measure:0.0011 
dev_result: epoch:5, time:37.91, accuracy:0.9355, precision:-1.0000, recall:0.0000, f_measure:-1.0000 
training epoch: 6
 Learning rate is setted as: 0.0007737809374999998
训练数据总量： 44625
sentence_shape: torch.Size([32, 127])
sample loss: epoch:6, batch:100, time:35.47s, batch_loss:1468.1133
sentence_shape: torch.Size([32, 31])
sample loss: epoch:6, batch:200, time:34.01s, batch_loss:1451.8298
sentence_shape: torch.Size([32, 122])
sample loss: epoch:6, batch:300, time:37.40s, batch_loss:1452.5219
sentence_shape: torch.Size([32, 92])
sample loss: epoch:6, batch:400, time:38.19s, batch_loss:1561.6959
sentence_shape: torch.Size([32, 91])
sample loss: epoch:6, batch:500, time:35.56s, batch_loss:1485.0536
sentence_shape: torch.Size([32, 63])
sample loss: epoch:6, batch:600, time:38.73s, batch_loss:1535.1205
sentence_shape: torch.Size([32, 61])
sample loss: epoch:6, batch:700, time:39.77s, batch_loss:1520.8622
sentence_shape: torch.Size([32, 62])
sample loss: epoch:6, batch:800, time:41.28s, batch_loss:1616.3472
sentence_shape: torch.Size([32, 62])
sample loss: epoch:6, batch:900, time:43.38s, batch_loss:2052.4156
sentence_shape: torch.Size([32, 127])
sample loss: epoch:6, batch:1000, time:45.07s, batch_loss:2461.2758
sentence_shape: torch.Size([32, 31])
sample loss: epoch:6, batch:1100, time:49.83s, batch_loss:2775.4806
sentence_shape: torch.Size([32, 31])
sample loss: epoch:6, batch:1200, time:44.84s, batch_loss:2440.9650
sentence_shape: torch.Size([32, 63])
sample loss: epoch:6, batch:1300, time:48.26s, batch_loss:2720.4541
Epoch:6 training finished. Time: 582.26s, speed: 0.01s/instance, total loss:2678680.2500
Epoch_train_result: epoch:6, accuracy:0.8888, precision:0.2879, recall:0.0689, f_measure:0.1111 
dev_result: epoch:6, time:40.02, accuracy:0.9393, precision:0.3126, recall:0.1365, f_measure:0.1901 
epoch:6 dev set exceed best f score-1.0000
training epoch: 7
 Learning rate is setted as: 0.0007350918906249999
训练数据总量： 44625
sentence_shape: torch.Size([32, 62])
sample loss: epoch:7, batch:100, time:37.78s, batch_loss:1413.4716
sentence_shape: torch.Size([32, 63])
sample loss: epoch:7, batch:200, time:37.09s, batch_loss:1379.5445
sentence_shape: torch.Size([32, 31])
sample loss: epoch:7, batch:300, time:40.21s, batch_loss:1400.8703
sentence_shape: torch.Size([32, 63])
sample loss: epoch:7, batch:400, time:39.19s, batch_loss:1390.4147
sentence_shape: torch.Size([32, 62])
sample loss: epoch:7, batch:500, time:33.87s, batch_loss:1311.6267
sentence_shape: torch.Size([32, 31])
sample loss: epoch:7, batch:600, time:33.63s, batch_loss:1319.9867
sentence_shape: torch.Size([32, 95])
sample loss: epoch:7, batch:700, time:35.93s, batch_loss:1315.3806
sentence_shape: torch.Size([32, 31])
sample loss: epoch:7, batch:800, time:40.96s, batch_loss:1463.4206
sentence_shape: torch.Size([32, 58])
sample loss: epoch:7, batch:900, time:40.92s, batch_loss:1534.3464
sentence_shape: torch.Size([32, 62])
sample loss: epoch:7, batch:1000, time:48.26s, batch_loss:2753.6400
sentence_shape: torch.Size([32, 63])
sample loss: epoch:7, batch:1100, time:45.33s, batch_loss:2515.5872
sentence_shape: torch.Size([32, 92])
sample loss: epoch:7, batch:1200, time:40.63s, batch_loss:2134.4858
sentence_shape: torch.Size([32, 127])
sample loss: epoch:7, batch:1300, time:45.82s, batch_loss:2545.6566
Epoch:7 training finished. Time: 575.79s, speed: 0.01s/instance, total loss:2508595.7500
Epoch_train_result: epoch:7, accuracy:0.9012, precision:0.3651, recall:0.1964, f_measure:0.2554 
dev_result: epoch:7, time:41.21, accuracy:0.9513, precision:0.5086, recall:0.3213, f_measure:0.3938 
epoch:7 dev set exceed best f score0.1901
training epoch: 8
 Learning rate is setted as: 0.0006983372960937497
训练数据总量： 44625
sentence_shape: torch.Size([32, 63])
sample loss: epoch:8, batch:100, time:42.07s, batch_loss:1444.5411
sentence_shape: torch.Size([32, 63])
sample loss: epoch:8, batch:200, time:40.28s, batch_loss:1406.7498
sentence_shape: torch.Size([32, 60])
sample loss: epoch:8, batch:300, time:36.15s, batch_loss:1291.2491
sentence_shape: torch.Size([32, 62])
sample loss: epoch:8, batch:400, time:38.62s, batch_loss:1400.2311
sentence_shape: torch.Size([32, 63])
sample loss: epoch:8, batch:500, time:39.82s, batch_loss:1395.4781
sentence_shape: torch.Size([32, 158])
sample loss: epoch:8, batch:600, time:38.60s, batch_loss:1337.7114
sentence_shape: torch.Size([32, 63])
sample loss: epoch:8, batch:700, time:32.64s, batch_loss:1201.5271
sentence_shape: torch.Size([32, 59])
sample loss: epoch:8, batch:800, time:35.91s, batch_loss:1252.0181
sentence_shape: torch.Size([32, 60])
sample loss: epoch:8, batch:900, time:40.94s, batch_loss:1574.8841
sentence_shape: torch.Size([32, 63])
sample loss: epoch:8, batch:1000, time:39.04s, batch_loss:1370.9728
sentence_shape: torch.Size([32, 93])
sample loss: epoch:8, batch:1100, time:35.88s, batch_loss:1289.4071
sentence_shape: torch.Size([32, 63])
sample loss: epoch:8, batch:1200, time:37.35s, batch_loss:1298.6465
sentence_shape: torch.Size([32, 94])
sample loss: epoch:8, batch:1300, time:43.41s, batch_loss:1875.9172
Epoch:8 training finished. Time: 549.60s, speed: 0.01s/instance, total loss:2036975.2500
Epoch_train_result: epoch:8, accuracy:0.9142, precision:0.4688, recall:0.2859, f_measure:0.3552 
dev_result: epoch:8, time:37.91, accuracy:0.9571, precision:0.5817, recall:0.3782, f_measure:0.4584 
epoch:8 dev set exceed best f score0.3938
training epoch: 9
 Learning rate is setted as: 0.0006634204312890623
训练数据总量： 44625
sentence_shape: torch.Size([32, 31])
sample loss: epoch:9, batch:100, time:35.60s, batch_loss:1281.7409
sentence_shape: torch.Size([32, 63])
sample loss: epoch:9, batch:200, time:35.19s, batch_loss:1259.6150
sentence_shape: torch.Size([32, 62])
sample loss: epoch:9, batch:300, time:36.55s, batch_loss:1334.7398
sentence_shape: torch.Size([32, 31])
sample loss: epoch:9, batch:400, time:37.36s, batch_loss:1324.8692
sentence_shape: torch.Size([32, 62])
sample loss: epoch:9, batch:500, time:36.61s, batch_loss:1367.4197
sentence_shape: torch.Size([32, 31])
sample loss: epoch:9, batch:600, time:36.93s, batch_loss:1344.4336
sentence_shape: torch.Size([32, 95])
sample loss: epoch:9, batch:700, time:38.22s, batch_loss:1336.3556
sentence_shape: torch.Size([32, 63])
sample loss: epoch:9, batch:800, time:36.72s, batch_loss:1299.8355
sentence_shape: torch.Size([32, 31])
sample loss: epoch:9, batch:900, time:39.30s, batch_loss:1493.8041
sentence_shape: torch.Size([32, 61])
sample loss: epoch:9, batch:1000, time:42.04s, batch_loss:2305.2892
sentence_shape: torch.Size([32, 59])
sample loss: epoch:9, batch:1100, time:44.58s, batch_loss:2584.8631
sentence_shape: torch.Size([32, 63])
sample loss: epoch:9, batch:1200, time:44.09s, batch_loss:2452.5130
sentence_shape: torch.Size([32, 94])
sample loss: epoch:9, batch:1300, time:50.53s, batch_loss:2899.0469
Epoch:9 training finished. Time: 566.31s, speed: 0.01s/instance, total loss:2469461.2500
Epoch_train_result: epoch:9, accuracy:0.9138, precision:0.4861, recall:0.2813, f_measure:0.3564 
dev_result: epoch:9, time:38.73, accuracy:0.9536, precision:0.5475, recall:0.3339, f_measure:0.4148 
training epoch: 10
 Learning rate is setted as: 0.0006302494097246091
训练数据总量： 44625
sentence_shape: torch.Size([32, 62])
sample loss: epoch:10, batch:100, time:46.52s, batch_loss:2607.7028
sentence_shape: torch.Size([32, 156])
sample loss: epoch:10, batch:200, time:43.24s, batch_loss:2326.8752
sentence_shape: torch.Size([32, 89])
sample loss: epoch:10, batch:300, time:46.03s, batch_loss:2424.7428
sentence_shape: torch.Size([32, 62])
sample loss: epoch:10, batch:400, time:43.73s, batch_loss:2382.5808
sentence_shape: torch.Size([32, 62])
sample loss: epoch:10, batch:500, time:51.42s, batch_loss:2939.5588
sentence_shape: torch.Size([32, 93])
sample loss: epoch:10, batch:600, time:43.76s, batch_loss:2366.3822
sentence_shape: torch.Size([32, 95])
sample loss: epoch:10, batch:700, time:44.36s, batch_loss:2319.5283
sentence_shape: torch.Size([32, 56])
sample loss: epoch:10, batch:800, time:45.93s, batch_loss:2445.2156
sentence_shape: torch.Size([32, 60])
sample loss: epoch:10, batch:900, time:41.67s, batch_loss:2313.8959
sentence_shape: torch.Size([32, 63])
sample loss: epoch:10, batch:1000, time:47.02s, batch_loss:2497.9725
sentence_shape: torch.Size([32, 31])
sample loss: epoch:10, batch:1100, time:44.67s, batch_loss:2474.1433
sentence_shape: torch.Size([32, 93])
sample loss: epoch:10, batch:1200, time:45.19s, batch_loss:2481.8973
sentence_shape: torch.Size([32, 31])
sample loss: epoch:10, batch:1300, time:45.52s, batch_loss:2419.5212
Epoch:10 training finished. Time: 640.43s, speed: 0.01s/instance, total loss:3427498.0000
Epoch_train_result: epoch:10, accuracy:0.9204, precision:0.5147, recall:0.3291, f_measure:0.4015 
dev_result: epoch:10, time:42.75, accuracy:0.9586, precision:0.6503, recall:0.3702, f_measure:0.4718 
epoch:10 dev set exceed best f score0.4584
training epoch: 11
 Learning rate is setted as: 0.0005987369392383787
训练数据总量： 44625
sentence_shape: torch.Size([32, 62])
sample loss: epoch:11, batch:100, time:39.43s, batch_loss:1381.7013
sentence_shape: torch.Size([32, 62])
sample loss: epoch:11, batch:200, time:39.37s, batch_loss:1384.9478
sentence_shape: torch.Size([32, 31])
sample loss: epoch:11, batch:300, time:43.73s, batch_loss:1604.6369
sentence_shape: torch.Size([32, 31])
sample loss: epoch:11, batch:400, time:38.35s, batch_loss:1406.9845
sentence_shape: torch.Size([32, 59])
sample loss: epoch:11, batch:500, time:33.45s, batch_loss:1242.1390
sentence_shape: torch.Size([32, 63])
sample loss: epoch:11, batch:600, time:33.83s, batch_loss:1248.0594
sentence_shape: torch.Size([32, 31])
sample loss: epoch:11, batch:700, time:38.66s, batch_loss:1290.0036
sentence_shape: torch.Size([32, 62])
sample loss: epoch:11, batch:800, time:36.04s, batch_loss:1268.0494
sentence_shape: torch.Size([32, 31])
sample loss: epoch:11, batch:900, time:34.01s, batch_loss:1241.3220
sentence_shape: torch.Size([32, 94])
sample loss: epoch:11, batch:1000, time:40.26s, batch_loss:1357.4517
sentence_shape: torch.Size([32, 62])
sample loss: epoch:11, batch:1100, time:42.74s, batch_loss:2402.9875
sentence_shape: torch.Size([32, 57])
sample loss: epoch:11, batch:1200, time:44.12s, batch_loss:2473.9802
sentence_shape: torch.Size([32, 62])
sample loss: epoch:11, batch:1300, time:41.99s, batch_loss:2345.3436
Epoch:11 training finished. Time: 557.30s, speed: 0.01s/instance, total loss:2290077.0000
Epoch_train_result: epoch:11, accuracy:0.9232, precision:0.5410, recall:0.3581, f_measure:0.4309 
dev_result: epoch:11, time:40.02, accuracy:0.9604, precision:0.6309, recall:0.4213, f_measure:0.5052 
epoch:11 dev set exceed best f score0.4718
training epoch: 12
 Learning rate is setted as: 0.0005688000922764596
训练数据总量： 44625
sentence_shape: torch.Size([32, 31])
sample loss: epoch:12, batch:100, time:36.99s, batch_loss:1331.6680
sentence_shape: torch.Size([32, 222])
sample loss: epoch:12, batch:200, time:38.59s, batch_loss:1310.9983
sentence_shape: torch.Size([32, 31])
sample loss: epoch:12, batch:300, time:40.11s, batch_loss:1375.7177
sentence_shape: torch.Size([32, 95])
sample loss: epoch:12, batch:400, time:35.49s, batch_loss:1280.8776
sentence_shape: torch.Size([32, 89])
sample loss: epoch:12, batch:500, time:48.74s, batch_loss:2700.4084
sentence_shape: torch.Size([32, 60])
sample loss: epoch:12, batch:600, time:41.92s, batch_loss:2292.2777
sentence_shape: torch.Size([32, 95])
sample loss: epoch:12, batch:700, time:40.95s, batch_loss:2230.0430
sentence_shape: torch.Size([32, 58])
sample loss: epoch:12, batch:800, time:43.67s, batch_loss:2373.6592
sentence_shape: torch.Size([32, 63])
sample loss: epoch:12, batch:900, time:45.00s, batch_loss:2441.6281
sentence_shape: torch.Size([32, 123])
sample loss: epoch:12, batch:1000, time:42.77s, batch_loss:2265.6061
sentence_shape: torch.Size([32, 95])
sample loss: epoch:12, batch:1100, time:44.85s, batch_loss:2448.8219
sentence_shape: torch.Size([32, 95])
sample loss: epoch:12, batch:1200, time:46.03s, batch_loss:2431.3586
sentence_shape: torch.Size([32, 31])
sample loss: epoch:12, batch:1300, time:44.07s, batch_loss:2323.1439
Epoch:12 training finished. Time: 604.80s, speed: 0.01s/instance, total loss:2957047.7500
Epoch_train_result: epoch:12, accuracy:0.9301, precision:0.5743, recall:0.4012, f_measure:0.4724 
dev_result: epoch:12, time:42.55, accuracy:0.9614, precision:0.6170, recall:0.4633, f_measure:0.5292 
epoch:12 dev set exceed best f score0.5052
training epoch: 13
 Learning rate is setted as: 0.0005403600876626366
训练数据总量： 44625
sentence_shape: torch.Size([32, 62])
sample loss: epoch:13, batch:100, time:39.87s, batch_loss:1670.8144
sentence_shape: torch.Size([32, 63])
sample loss: epoch:13, batch:200, time:42.68s, batch_loss:2408.7900
sentence_shape: torch.Size([32, 61])
sample loss: epoch:13, batch:300, time:42.82s, batch_loss:2407.3364
sentence_shape: torch.Size([32, 188])
sample loss: epoch:13, batch:400, time:43.41s, batch_loss:2347.0480
sentence_shape: torch.Size([32, 61])
sample loss: epoch:13, batch:500, time:50.48s, batch_loss:2917.6634
sentence_shape: torch.Size([32, 31])
sample loss: epoch:13, batch:600, time:43.31s, batch_loss:2428.7105
sentence_shape: torch.Size([32, 95])
sample loss: epoch:13, batch:700, time:51.63s, batch_loss:2941.5391
sentence_shape: torch.Size([32, 62])
sample loss: epoch:13, batch:800, time:42.96s, batch_loss:2335.5270
sentence_shape: torch.Size([32, 63])
sample loss: epoch:13, batch:900, time:45.64s, batch_loss:2581.9670
sentence_shape: torch.Size([32, 126])
sample loss: epoch:13, batch:1000, time:40.77s, batch_loss:2145.6147
sentence_shape: torch.Size([32, 63])
sample loss: epoch:13, batch:1100, time:42.97s, batch_loss:2382.3627
sentence_shape: torch.Size([32, 95])
sample loss: epoch:13, batch:1200, time:44.76s, batch_loss:2468.4961
sentence_shape: torch.Size([32, 62])
sample loss: epoch:13, batch:1300, time:43.09s, batch_loss:2439.3669
Epoch:13 training finished. Time: 625.55s, speed: 0.01s/instance, total loss:3379525.7500
Epoch_train_result: epoch:13, accuracy:0.9337, precision:0.5984, recall:0.4276, f_measure:0.4988 
dev_result: epoch:13, time:38.35, accuracy:0.9631, precision:0.6032, recall:0.5101, f_measure:0.5528 
epoch:13 dev set exceed best f score0.5292
training epoch: 14
 Learning rate is setted as: 0.0005133420832795048
训练数据总量： 44625
sentence_shape: torch.Size([32, 63])
sample loss: epoch:14, batch:100, time:35.74s, batch_loss:1250.6234
sentence_shape: torch.Size([32, 31])
sample loss: epoch:14, batch:200, time:35.65s, batch_loss:1290.6173
sentence_shape: torch.Size([32, 63])
sample loss: epoch:14, batch:300, time:36.16s, batch_loss:1269.9733
sentence_shape: torch.Size([32, 31])
sample loss: epoch:14, batch:400, time:46.31s, batch_loss:1838.3769
sentence_shape: torch.Size([32, 60])
sample loss: epoch:14, batch:500, time:44.36s, batch_loss:2483.4870
sentence_shape: torch.Size([32, 90])
sample loss: epoch:14, batch:600, time:42.76s, batch_loss:2356.6564
sentence_shape: torch.Size([32, 93])
sample loss: epoch:14, batch:700, time:41.55s, batch_loss:2214.2509
sentence_shape: torch.Size([32, 61])
sample loss: epoch:14, batch:800, time:44.32s, batch_loss:2429.7128
sentence_shape: torch.Size([32, 119])
sample loss: epoch:14, batch:900, time:43.52s, batch_loss:2340.3578
sentence_shape: torch.Size([32, 63])
sample loss: epoch:14, batch:1000, time:44.94s, batch_loss:2407.1475
sentence_shape: torch.Size([32, 61])
sample loss: epoch:14, batch:1100, time:50.08s, batch_loss:2719.3250
sentence_shape: torch.Size([32, 62])
sample loss: epoch:14, batch:1200, time:42.72s, batch_loss:2417.7114
sentence_shape: torch.Size([32, 61])
sample loss: epoch:14, batch:1300, time:40.28s, batch_loss:2178.1094
Epoch:14 training finished. Time: 595.18s, speed: 0.01s/instance, total loss:2934540.0000
Epoch_train_result: epoch:14, accuracy:0.9352, precision:0.6078, recall:0.4425, f_measure:0.5121 
dev_result: epoch:14, time:38.73, accuracy:0.9649, precision:0.6806, recall:0.4547, f_measure:0.5452 
training epoch: 15
 Learning rate is setted as: 0.00048767497911552955
训练数据总量： 44625
sentence_shape: torch.Size([32, 63])
sample loss: epoch:15, batch:100, time:40.42s, batch_loss:1338.2242
sentence_shape: torch.Size([32, 60])
sample loss: epoch:15, batch:200, time:37.61s, batch_loss:1260.1681
sentence_shape: torch.Size([32, 31])
sample loss: epoch:15, batch:300, time:38.56s, batch_loss:1321.6802
sentence_shape: torch.Size([32, 62])
sample loss: epoch:15, batch:400, time:37.68s, batch_loss:1285.5366
sentence_shape: torch.Size([32, 31])
sample loss: epoch:15, batch:500, time:37.38s, batch_loss:1276.1061
sentence_shape: torch.Size([32, 31])
sample loss: epoch:15, batch:600, time:35.24s, batch_loss:1207.2796
sentence_shape: torch.Size([32, 93])
sample loss: epoch:15, batch:700, time:42.76s, batch_loss:1676.3005
sentence_shape: torch.Size([32, 52])
sample loss: epoch:15, batch:800, time:42.61s, batch_loss:2367.3403
sentence_shape: torch.Size([32, 123])
sample loss: epoch:15, batch:900, time:49.16s, batch_loss:2811.4478
sentence_shape: torch.Size([32, 62])
sample loss: epoch:15, batch:1000, time:44.68s, batch_loss:2461.1334
sentence_shape: torch.Size([32, 60])
sample loss: epoch:15, batch:1100, time:41.89s, batch_loss:2206.6505
sentence_shape: torch.Size([32, 59])
sample loss: epoch:15, batch:1200, time:43.83s, batch_loss:2196.8716
sentence_shape: torch.Size([32, 253])
sample loss: epoch:15, batch:1300, time:44.74s, batch_loss:2392.8480
Epoch:15 training finished. Time: 583.45s, speed: 0.01s/instance, total loss:2587774.2500
Epoch_train_result: epoch:15, accuracy:0.9341, precision:0.6072, recall:0.4382, f_measure:0.5090 
dev_result: epoch:15, time:40.95, accuracy:0.9642, precision:0.6220, recall:0.5096, f_measure:0.5602 
epoch:15 dev set exceed best f score0.5528
training epoch: 16
 Learning rate is setted as: 0.000463291230159753
训练数据总量： 44625
sentence_shape: torch.Size([32, 63])
sample loss: epoch:16, batch:100, time:39.60s, batch_loss:1357.2580
sentence_shape: torch.Size([32, 95])
sample loss: epoch:16, batch:200, time:35.39s, batch_loss:1241.7164
sentence_shape: torch.Size([32, 61])
sample loss: epoch:16, batch:300, time:40.32s, batch_loss:1423.7442
sentence_shape: torch.Size([32, 59])
sample loss: epoch:16, batch:400, time:39.21s, batch_loss:1353.8273
sentence_shape: torch.Size([32, 63])
sample loss: epoch:16, batch:500, time:36.81s, batch_loss:1247.3741
sentence_shape: torch.Size([32, 62])
sample loss: epoch:16, batch:600, time:39.18s, batch_loss:1287.9768
sentence_shape: torch.Size([32, 61])
sample loss: epoch:16, batch:700, time:37.98s, batch_loss:1270.0048
sentence_shape: torch.Size([32, 90])
sample loss: epoch:16, batch:800, time:42.78s, batch_loss:2052.9050
sentence_shape: torch.Size([32, 95])
sample loss: epoch:16, batch:900, time:41.99s, batch_loss:2285.5058
sentence_shape: torch.Size([32, 63])
sample loss: epoch:16, batch:1000, time:47.53s, batch_loss:2601.1181
sentence_shape: torch.Size([32, 152])
sample loss: epoch:16, batch:1100, time:44.69s, batch_loss:2402.0755
sentence_shape: torch.Size([32, 63])
sample loss: epoch:16, batch:1200, time:44.76s, batch_loss:2491.2678
sentence_shape: torch.Size([32, 59])
sample loss: epoch:16, batch:1300, time:41.94s, batch_loss:2247.8308
Epoch:16 training finished. Time: 584.50s, speed: 0.01s/instance, total loss:2566165.7500
Epoch_train_result: epoch:16, accuracy:0.9377, precision:0.6240, recall:0.4632, f_measure:0.5317 
dev_result: epoch:16, time:41.84, accuracy:0.9664, precision:0.6614, recall:0.5050, f_measure:0.5727 
epoch:16 dev set exceed best f score0.5602
training epoch: 17
 Learning rate is setted as: 0.00044012666865176535
训练数据总量： 44625
sentence_shape: torch.Size([32, 31])
sample loss: epoch:17, batch:100, time:37.49s, batch_loss:1334.2708
sentence_shape: torch.Size([32, 31])
sample loss: epoch:17, batch:200, time:35.58s, batch_loss:1247.4164
sentence_shape: torch.Size([32, 31])
sample loss: epoch:17, batch:300, time:39.20s, batch_loss:1276.5137
sentence_shape: torch.Size([32, 31])
sample loss: epoch:17, batch:400, time:39.77s, batch_loss:1296.3757
sentence_shape: torch.Size([32, 63])
sample loss: epoch:17, batch:500, time:38.98s, batch_loss:1301.7148
sentence_shape: torch.Size([32, 63])
sample loss: epoch:17, batch:600, time:46.63s, batch_loss:2243.6436
sentence_shape: torch.Size([32, 87])
sample loss: epoch:17, batch:700, time:46.36s, batch_loss:2374.2952
sentence_shape: torch.Size([32, 154])
sample loss: epoch:17, batch:800, time:46.50s, batch_loss:2580.3831
sentence_shape: torch.Size([32, 61])
sample loss: epoch:17, batch:900, time:44.95s, batch_loss:2437.3402
sentence_shape: torch.Size([32, 88])
sample loss: epoch:17, batch:1000, time:53.70s, batch_loss:2978.9934
sentence_shape: torch.Size([32, 63])
sample loss: epoch:17, batch:1100, time:45.82s, batch_loss:2300.1945
sentence_shape: torch.Size([32, 93])
sample loss: epoch:17, batch:1200, time:39.69s, batch_loss:2130.3611
sentence_shape: torch.Size([32, 61])
sample loss: epoch:17, batch:1300, time:43.16s, batch_loss:2375.1731
Epoch:17 training finished. Time: 607.17s, speed: 0.01s/instance, total loss:2802680.7500
Epoch_train_result: epoch:17, accuracy:0.9391, precision:0.6314, recall:0.4733, f_measure:0.5410 
dev_result: epoch:17, time:41.49, accuracy:0.9674, precision:0.6691, recall:0.5159, f_measure:0.5826 
epoch:17 dev set exceed best f score0.5727
training epoch: 18
 Learning rate is setted as: 0.0004181203352191771
训练数据总量： 44625
sentence_shape: torch.Size([32, 59])
sample loss: epoch:18, batch:100, time:39.25s, batch_loss:1261.9037
sentence_shape: torch.Size([32, 63])
sample loss: epoch:18, batch:200, time:35.01s, batch_loss:1206.0703
sentence_shape: torch.Size([32, 31])
sample loss: epoch:18, batch:300, time:34.73s, batch_loss:1215.9742
sentence_shape: torch.Size([32, 63])
sample loss: epoch:18, batch:400, time:39.40s, batch_loss:1352.6427
sentence_shape: torch.Size([32, 31])
sample loss: epoch:18, batch:500, time:36.90s, batch_loss:1305.2271
sentence_shape: torch.Size([32, 31])
sample loss: epoch:18, batch:600, time:37.75s, batch_loss:1280.0171
sentence_shape: torch.Size([32, 90])
sample loss: epoch:18, batch:700, time:37.34s, batch_loss:1244.9515
sentence_shape: torch.Size([32, 63])
sample loss: epoch:18, batch:800, time:40.88s, batch_loss:1471.5856
sentence_shape: torch.Size([32, 62])
sample loss: epoch:18, batch:900, time:36.09s, batch_loss:1243.5471
sentence_shape: torch.Size([32, 31])
sample loss: epoch:18, batch:1000, time:36.07s, batch_loss:1281.8283
sentence_shape: torch.Size([32, 63])
sample loss: epoch:18, batch:1100, time:36.65s, batch_loss:1264.1945
sentence_shape: torch.Size([32, 95])
sample loss: epoch:18, batch:1200, time:43.06s, batch_loss:1764.0914
sentence_shape: torch.Size([32, 57])
sample loss: epoch:18, batch:1300, time:43.26s, batch_loss:2367.9895
Epoch:18 training finished. Time: 547.61s, speed: 0.01s/instance, total loss:2052220.0000
Epoch_train_result: epoch:18, accuracy:0.9405, precision:0.6407, recall:0.4847, f_measure:0.5519 
dev_result: epoch:18, time:37.60, accuracy:0.9641, precision:0.6170, recall:0.5453, f_measure:0.5789 
training epoch: 19
 Learning rate is setted as: 0.0003972143184582182
训练数据总量： 44625
sentence_shape: torch.Size([32, 70])
sample loss: epoch:19, batch:100, time:35.89s, batch_loss:1294.4152
sentence_shape: torch.Size([32, 31])
sample loss: epoch:19, batch:200, time:37.31s, batch_loss:1266.5670
sentence_shape: torch.Size([32, 63])
sample loss: epoch:19, batch:300, time:35.73s, batch_loss:1235.8228
sentence_shape: torch.Size([32, 63])
sample loss: epoch:19, batch:400, time:38.96s, batch_loss:1314.0192
sentence_shape: torch.Size([32, 59])
sample loss: epoch:19, batch:500, time:45.18s, batch_loss:1943.1137
sentence_shape: torch.Size([32, 93])
sample loss: epoch:19, batch:600, time:44.25s, batch_loss:2407.6444
sentence_shape: torch.Size([32, 62])
sample loss: epoch:19, batch:700, time:43.89s, batch_loss:2340.4581
sentence_shape: torch.Size([32, 91])
sample loss: epoch:19, batch:800, time:46.82s, batch_loss:2670.2512
sentence_shape: torch.Size([32, 93])
sample loss: epoch:19, batch:900, time:44.23s, batch_loss:2390.7083
sentence_shape: torch.Size([32, 92])
sample loss: epoch:19, batch:1000, time:44.44s, batch_loss:2433.1406
sentence_shape: torch.Size([32, 63])
sample loss: epoch:19, batch:1100, time:41.29s, batch_loss:2143.2259
sentence_shape: torch.Size([32, 63])
sample loss: epoch:19, batch:1200, time:43.39s, batch_loss:2415.0530
sentence_shape: torch.Size([32, 63])
sample loss: epoch:19, batch:1300, time:38.37s, batch_loss:2094.9391
Epoch:19 training finished. Time: 592.45s, speed: 0.01s/instance, total loss:2851470.2500
Epoch_train_result: epoch:19, accuracy:0.9416, precision:0.6471, recall:0.4938, f_measure:0.5602 
dev_result: epoch:19, time:41.60, accuracy:0.9669, precision:0.6809, recall:0.5053, f_measure:0.5801 
training epoch: 20
 Learning rate is setted as: 0.00037735360253530727
训练数据总量： 44625
sentence_shape: torch.Size([32, 63])
sample loss: epoch:20, batch:100, time:39.05s, batch_loss:1491.8644
sentence_shape: torch.Size([32, 31])
sample loss: epoch:20, batch:200, time:37.57s, batch_loss:1352.9780
sentence_shape: torch.Size([32, 31])
sample loss: epoch:20, batch:300, time:38.06s, batch_loss:1326.9931
sentence_shape: torch.Size([32, 60])
sample loss: epoch:20, batch:400, time:35.84s, batch_loss:1286.3801
sentence_shape: torch.Size([32, 62])
sample loss: epoch:20, batch:500, time:40.44s, batch_loss:1332.8366
sentence_shape: torch.Size([32, 124])
sample loss: epoch:20, batch:600, time:44.16s, batch_loss:1719.0284
sentence_shape: torch.Size([32, 31])
sample loss: epoch:20, batch:700, time:44.46s, batch_loss:2331.2603
sentence_shape: torch.Size([32, 61])
sample loss: epoch:20, batch:800, time:44.14s, batch_loss:2305.6775
sentence_shape: torch.Size([32, 94])
sample loss: epoch:20, batch:900, time:39.37s, batch_loss:2098.0989
sentence_shape: torch.Size([32, 125])
sample loss: epoch:20, batch:1000, time:43.94s, batch_loss:2500.5336
sentence_shape: torch.Size([32, 149])
sample loss: epoch:20, batch:1100, time:46.21s, batch_loss:2509.1422
sentence_shape: torch.Size([32, 89])
sample loss: epoch:20, batch:1200, time:45.47s, batch_loss:2541.9053
sentence_shape: torch.Size([32, 58])
sample loss: epoch:20, batch:1300, time:39.25s, batch_loss:2043.8970
Epoch:20 training finished. Time: 588.65s, speed: 0.01s/instance, total loss:2710127.0000
Epoch_train_result: epoch:20, accuracy:0.9326, precision:0.5996, recall:0.4233, f_measure:0.4963 
dev_result: epoch:20, time:38.82, accuracy:0.9664, precision:0.6757, recall:0.5219, f_measure:0.5889 
epoch:20 dev set exceed best f score0.5826
training epoch: 21
 Learning rate is setted as: 0.0003584859224085419
训练数据总量： 44625
sentence_shape: torch.Size([32, 93])
sample loss: epoch:21, batch:100, time:37.30s, batch_loss:1275.3487
sentence_shape: torch.Size([32, 62])
sample loss: epoch:21, batch:200, time:37.60s, batch_loss:1266.3760
sentence_shape: torch.Size([32, 94])
sample loss: epoch:21, batch:300, time:35.67s, batch_loss:1235.9977
sentence_shape: torch.Size([32, 93])
sample loss: epoch:21, batch:400, time:41.53s, batch_loss:1309.7879
sentence_shape: torch.Size([32, 63])
sample loss: epoch:21, batch:500, time:39.72s, batch_loss:1357.7595
sentence_shape: torch.Size([32, 31])
sample loss: epoch:21, batch:600, time:36.25s, batch_loss:1284.0610
sentence_shape: torch.Size([32, 63])
sample loss: epoch:21, batch:700, time:37.09s, batch_loss:1310.5763
sentence_shape: torch.Size([32, 63])
sample loss: epoch:21, batch:800, time:37.03s, batch_loss:1252.5278
sentence_shape: torch.Size([32, 62])
sample loss: epoch:21, batch:900, time:47.54s, batch_loss:2277.2647
sentence_shape: torch.Size([32, 62])
sample loss: epoch:21, batch:1000, time:45.06s, batch_loss:2410.4967
sentence_shape: torch.Size([32, 62])
sample loss: epoch:21, batch:1100, time:44.36s, batch_loss:2414.7403
sentence_shape: torch.Size([32, 31])
sample loss: epoch:21, batch:1200, time:41.99s, batch_loss:2264.8316
sentence_shape: torch.Size([32, 125])
sample loss: epoch:21, batch:1300, time:45.73s, batch_loss:2616.0006
Epoch:21 training finished. Time: 577.95s, speed: 0.01s/instance, total loss:2459195.0000
Epoch_train_result: epoch:21, accuracy:0.9365, precision:0.6227, recall:0.4579, f_measure:0.5277 
dev_result: epoch:21, time:39.34, accuracy:0.9652, precision:0.6945, recall:0.4676, f_measure:0.5589 
training epoch: 22
 Learning rate is setted as: 0.0003405616262881148
训练数据总量： 44625
sentence_shape: torch.Size([32, 63])
sample loss: epoch:22, batch:100, time:36.54s, batch_loss:1244.3296
sentence_shape: torch.Size([32, 63])
sample loss: epoch:22, batch:200, time:37.71s, batch_loss:1327.1891
sentence_shape: torch.Size([32, 60])
sample loss: epoch:22, batch:300, time:38.47s, batch_loss:1421.6231
sentence_shape: torch.Size([32, 31])
sample loss: epoch:22, batch:400, time:41.39s, batch_loss:1314.5472
sentence_shape: torch.Size([32, 63])
sample loss: epoch:22, batch:500, time:40.39s, batch_loss:1385.5466
sentence_shape: torch.Size([32, 63])
sample loss: epoch:22, batch:600, time:38.14s, batch_loss:1335.7141
sentence_shape: torch.Size([32, 31])
sample loss: epoch:22, batch:700, time:40.91s, batch_loss:1309.9175
sentence_shape: torch.Size([32, 31])
sample loss: epoch:22, batch:800, time:34.69s, batch_loss:1223.7845
sentence_shape: torch.Size([32, 92])
sample loss: epoch:22, batch:900, time:41.94s, batch_loss:1357.6306
sentence_shape: torch.Size([32, 31])
sample loss: epoch:22, batch:1000, time:36.57s, batch_loss:1248.7754
sentence_shape: torch.Size([32, 60])
sample loss: epoch:22, batch:1100, time:38.40s, batch_loss:1558.3641
sentence_shape: torch.Size([32, 63])
sample loss: epoch:22, batch:1200, time:43.24s, batch_loss:2216.2975
sentence_shape: torch.Size([32, 31])
sample loss: epoch:22, batch:1300, time:41.34s, batch_loss:2264.9789
Epoch:22 training finished. Time: 560.37s, speed: 0.01s/instance, total loss:2147038.2500
Epoch_train_result: epoch:22, accuracy:0.9400, precision:0.6423, recall:0.4854, f_measure:0.5530 
dev_result: epoch:22, time:43.55, accuracy:0.9671, precision:0.6694, recall:0.5321, f_measure:0.5929 
epoch:22 dev set exceed best f score0.5889
training epoch: 23
 Learning rate is setted as: 0.000323533544973709
训练数据总量： 44625
sentence_shape: torch.Size([32, 63])
sample loss: epoch:23, batch:100, time:37.49s, batch_loss:1313.9245
sentence_shape: torch.Size([32, 63])
sample loss: epoch:23, batch:200, time:34.88s, batch_loss:1256.6004
sentence_shape: torch.Size([32, 88])
sample loss: epoch:23, batch:300, time:44.69s, batch_loss:2296.7705
sentence_shape: torch.Size([32, 61])
sample loss: epoch:23, batch:400, time:45.16s, batch_loss:2363.8327
sentence_shape: torch.Size([32, 56])
sample loss: epoch:23, batch:500, time:45.17s, batch_loss:2375.9402
sentence_shape: torch.Size([32, 54])
sample loss: epoch:23, batch:600, time:54.93s, batch_loss:3101.9447
sentence_shape: torch.Size([32, 31])
sample loss: epoch:23, batch:700, time:43.98s, batch_loss:2366.9525
sentence_shape: torch.Size([32, 91])
sample loss: epoch:23, batch:800, time:46.74s, batch_loss:2557.4331
sentence_shape: torch.Size([32, 62])
sample loss: epoch:23, batch:900, time:42.02s, batch_loss:2250.7911
sentence_shape: torch.Size([32, 95])
sample loss: epoch:23, batch:1000, time:44.99s, batch_loss:2327.2184
sentence_shape: torch.Size([32, 120])
sample loss: epoch:23, batch:1100, time:49.43s, batch_loss:2838.8631
sentence_shape: torch.Size([32, 94])
sample loss: epoch:23, batch:1200, time:44.33s, batch_loss:2376.8039
sentence_shape: torch.Size([32, 95])
sample loss: epoch:23, batch:1300, time:41.72s, batch_loss:2228.7072
Epoch:23 training finished. Time: 626.33s, speed: 0.01s/instance, total loss:3200288.0000
Epoch_train_result: epoch:23, accuracy:0.9430, precision:0.6569, recall:0.5066, f_measure:0.5720 
dev_result: epoch:23, time:37.89, accuracy:0.9678, precision:0.6484, recall:0.5536, f_measure:0.5972 
epoch:23 dev set exceed best f score0.5929
training epoch: 24
 Learning rate is setted as: 0.00030735686772502356
训练数据总量： 44625
sentence_shape: torch.Size([32, 60])
sample loss: epoch:24, batch:100, time:34.71s, batch_loss:1265.8321
sentence_shape: torch.Size([32, 63])
sample loss: epoch:24, batch:200, time:37.42s, batch_loss:1240.4559
sentence_shape: torch.Size([32, 31])
sample loss: epoch:24, batch:300, time:35.65s, batch_loss:1264.7098
sentence_shape: torch.Size([32, 62])
sample loss: epoch:24, batch:400, time:50.99s, batch_loss:2506.4006
sentence_shape: torch.Size([32, 61])
sample loss: epoch:24, batch:500, time:41.97s, batch_loss:2304.9284
sentence_shape: torch.Size([32, 31])
sample loss: epoch:24, batch:600, time:43.40s, batch_loss:2183.2478
sentence_shape: torch.Size([32, 62])
sample loss: epoch:24, batch:700, time:46.61s, batch_loss:2467.3552
sentence_shape: torch.Size([32, 61])
sample loss: epoch:24, batch:800, time:41.64s, batch_loss:2259.1703
sentence_shape: torch.Size([32, 123])
sample loss: epoch:24, batch:900, time:53.87s, batch_loss:2368.1945
sentence_shape: torch.Size([32, 121])
sample loss: epoch:24, batch:1000, time:49.11s, batch_loss:2627.7469
sentence_shape: torch.Size([32, 60])
sample loss: epoch:24, batch:1100, time:46.07s, batch_loss:2468.1245
sentence_shape: torch.Size([32, 90])
sample loss: epoch:24, batch:1200, time:40.20s, batch_loss:2182.9392
sentence_shape: torch.Size([32, 63])
sample loss: epoch:24, batch:1300, time:41.32s, batch_loss:2220.4983
Epoch:24 training finished. Time: 614.03s, speed: 0.01s/instance, total loss:2958545.7500
Epoch_train_result: epoch:24, accuracy:0.9450, precision:0.6655, recall:0.5184, f_measure:0.5828 
dev_result: epoch:24, time:41.36, accuracy:0.9674, precision:0.6337, recall:0.5624, f_measure:0.5959 
training epoch: 25
 Learning rate is setted as: 0.0002919890243387724
训练数据总量： 44625
sentence_shape: torch.Size([32, 63])
sample loss: epoch:25, batch:100, time:34.62s, batch_loss:1207.7907
sentence_shape: torch.Size([32, 62])
sample loss: epoch:25, batch:200, time:37.50s, batch_loss:1279.2996
sentence_shape: torch.Size([32, 31])
sample loss: epoch:25, batch:300, time:40.35s, batch_loss:1437.2694
sentence_shape: torch.Size([32, 61])
sample loss: epoch:25, batch:400, time:36.86s, batch_loss:1279.3496
sentence_shape: torch.Size([32, 31])
sample loss: epoch:25, batch:500, time:39.21s, batch_loss:1289.7020
sentence_shape: torch.Size([32, 63])
sample loss: epoch:25, batch:600, time:46.16s, batch_loss:2338.3345
sentence_shape: torch.Size([32, 31])
sample loss: epoch:25, batch:700, time:41.50s, batch_loss:2159.7081
sentence_shape: torch.Size([32, 93])
sample loss: epoch:25, batch:800, time:45.50s, batch_loss:2450.9703
sentence_shape: torch.Size([32, 93])
sample loss: epoch:25, batch:900, time:43.98s, batch_loss:2357.6494
sentence_shape: torch.Size([32, 31])
sample loss: epoch:25, batch:1000, time:49.43s, batch_loss:2723.7159
sentence_shape: torch.Size([32, 63])
sample loss: epoch:25, batch:1100, time:43.98s, batch_loss:2373.7203
sentence_shape: torch.Size([32, 61])
sample loss: epoch:25, batch:1200, time:45.50s, batch_loss:2471.2356
sentence_shape: torch.Size([32, 159])
sample loss: epoch:25, batch:1300, time:48.28s, batch_loss:2492.5995
Epoch:25 training finished. Time: 602.78s, speed: 0.01s/instance, total loss:2808522.2500
Epoch_train_result: epoch:25, accuracy:0.9447, precision:0.6671, recall:0.5207, f_measure:0.5849 
dev_result: epoch:25, time:42.72, accuracy:0.9685, precision:0.6611, recall:0.5621, f_measure:0.6076 
epoch:25 dev set exceed best f score0.5972
training epoch: 26
 Learning rate is setted as: 0.00027738957312183375
训练数据总量： 44625
sentence_shape: torch.Size([32, 62])
sample loss: epoch:26, batch:100, time:37.99s, batch_loss:1215.9582
sentence_shape: torch.Size([32, 50])
sample loss: epoch:26, batch:200, time:36.92s, batch_loss:1282.9068
sentence_shape: torch.Size([32, 60])
sample loss: epoch:26, batch:300, time:43.29s, batch_loss:1372.7258
sentence_shape: torch.Size([32, 63])
sample loss: epoch:26, batch:400, time:49.62s, batch_loss:1257.1537
sentence_shape: torch.Size([32, 63])
sample loss: epoch:26, batch:500, time:55.05s, batch_loss:1299.6364
sentence_shape: torch.Size([32, 158])
sample loss: epoch:26, batch:600, time:64.26s, batch_loss:2579.0553
sentence_shape: torch.Size([32, 92])
sample loss: epoch:26, batch:700, time:49.64s, batch_loss:2475.9750
sentence_shape: torch.Size([32, 90])
sample loss: epoch:26, batch:800, time:42.34s, batch_loss:2344.8637
sentence_shape: torch.Size([32, 62])
sample loss: epoch:26, batch:900, time:39.66s, batch_loss:2139.5422
sentence_shape: torch.Size([32, 94])
sample loss: epoch:26, batch:1000, time:40.60s, batch_loss:2240.3258
sentence_shape: torch.Size([32, 119])
sample loss: epoch:26, batch:1100, time:43.16s, batch_loss:2315.4598
sentence_shape: torch.Size([32, 95])
sample loss: epoch:26, batch:1200, time:46.78s, batch_loss:2508.5431
sentence_shape: torch.Size([32, 63])
sample loss: epoch:26, batch:1300, time:48.34s, batch_loss:2729.6481
Epoch:26 training finished. Time: 650.55s, speed: 0.01s/instance, total loss:2819824.0000
Epoch_train_result: epoch:26, accuracy:0.9447, precision:0.6718, recall:0.5240, f_measure:0.5888 
dev_result: epoch:26, time:38.01, accuracy:0.9631, precision:0.6254, recall:0.5670, f_measure:0.5948 
training epoch: 27
 Learning rate is setted as: 0.00026352009446574203
训练数据总量： 44625
sentence_shape: torch.Size([32, 31])
sample loss: epoch:27, batch:100, time:36.44s, batch_loss:1250.9585
sentence_shape: torch.Size([32, 59])
sample loss: epoch:27, batch:200, time:37.42s, batch_loss:1213.5042
sentence_shape: torch.Size([32, 95])
sample loss: epoch:27, batch:300, time:37.87s, batch_loss:1330.9811
sentence_shape: torch.Size([32, 62])
sample loss: epoch:27, batch:400, time:41.71s, batch_loss:1249.8948
sentence_shape: torch.Size([32, 62])
sample loss: epoch:27, batch:500, time:40.40s, batch_loss:1310.3092
sentence_shape: torch.Size([32, 63])
sample loss: epoch:27, batch:600, time:37.37s, batch_loss:1270.3252
sentence_shape: torch.Size([32, 63])
sample loss: epoch:27, batch:700, time:37.19s, batch_loss:1309.2045
sentence_shape: torch.Size([32, 31])
sample loss: epoch:27, batch:800, time:44.30s, batch_loss:1283.4502
sentence_shape: torch.Size([32, 62])
sample loss: epoch:27, batch:900, time:62.63s, batch_loss:2417.6253
sentence_shape: torch.Size([32, 87])
sample loss: epoch:27, batch:1000, time:57.93s, batch_loss:2291.2308
sentence_shape: torch.Size([32, 158])
sample loss: epoch:27, batch:1100, time:63.31s, batch_loss:2543.0442
sentence_shape: torch.Size([32, 94])
sample loss: epoch:27, batch:1200, time:74.29s, batch_loss:3081.3759
sentence_shape: torch.Size([32, 62])
sample loss: epoch:27, batch:1300, time:54.17s, batch_loss:2073.5188
Epoch:27 training finished. Time: 696.05s, speed: 0.02s/instance, total loss:2497576.7500
Epoch_train_result: epoch:27, accuracy:0.9461, precision:0.6779, recall:0.5369, f_measure:0.5992 
dev_result: epoch:27, time:44.60, accuracy:0.9683, precision:0.6617, recall:0.5727, f_measure:0.6140 
epoch:27 dev set exceed best f score0.6076
training epoch: 28
 Learning rate is setted as: 0.00025034408974245495
训练数据总量： 44625
sentence_shape: torch.Size([32, 63])
sample loss: epoch:28, batch:100, time:54.95s, batch_loss:1294.5742
sentence_shape: torch.Size([32, 61])
sample loss: epoch:28, batch:200, time:50.81s, batch_loss:1215.6540
sentence_shape: torch.Size([32, 62])
sample loss: epoch:28, batch:300, time:52.66s, batch_loss:1261.1756
sentence_shape: torch.Size([32, 31])
sample loss: epoch:28, batch:400, time:57.55s, batch_loss:1653.0953
sentence_shape: torch.Size([32, 31])
sample loss: epoch:28, batch:500, time:63.98s, batch_loss:2499.4500
sentence_shape: torch.Size([32, 63])
sample loss: epoch:28, batch:600, time:60.15s, batch_loss:2299.6094
sentence_shape: torch.Size([32, 61])
sample loss: epoch:28, batch:700, time:66.84s, batch_loss:2784.8131
sentence_shape: torch.Size([32, 217])
sample loss: epoch:28, batch:800, time:64.17s, batch_loss:2586.4002
sentence_shape: torch.Size([32, 63])
sample loss: epoch:28, batch:900, time:55.93s, batch_loss:2091.0423
sentence_shape: torch.Size([32, 90])
sample loss: epoch:28, batch:1000, time:56.44s, batch_loss:2121.2025
sentence_shape: torch.Size([32, 63])
sample loss: epoch:28, batch:1100, time:63.72s, batch_loss:2513.7047
sentence_shape: torch.Size([32, 60])
sample loss: epoch:28, batch:1200, time:58.67s, batch_loss:2205.5353
sentence_shape: torch.Size([32, 93])
sample loss: epoch:28, batch:1300, time:62.83s, batch_loss:2547.5692
Epoch:28 training finished. Time: 831.24s, speed: 0.02s/instance, total loss:2922407.0000
Epoch_train_result: epoch:28, accuracy:0.9477, precision:0.6875, recall:0.5478, f_measure:0.6097 
dev_result: epoch:28, time:43.54, accuracy:0.9713, precision:0.7051, recall:0.5710, f_measure:0.6310 
epoch:28 dev set exceed best f score0.6140
training epoch: 29
 Learning rate is setted as: 0.00023782688525533216
训练数据总量： 44625
sentence_shape: torch.Size([32, 92])
sample loss: epoch:29, batch:100, time:55.20s, batch_loss:1279.5366
sentence_shape: torch.Size([32, 63])
sample loss: epoch:29, batch:200, time:50.65s, batch_loss:1195.4223
sentence_shape: torch.Size([32, 61])
sample loss: epoch:29, batch:300, time:54.52s, batch_loss:1301.0838
sentence_shape: torch.Size([32, 31])
sample loss: epoch:29, batch:400, time:48.41s, batch_loss:1144.2181
sentence_shape: torch.Size([32, 60])
sample loss: epoch:29, batch:500, time:53.65s, batch_loss:1301.0347
sentence_shape: torch.Size([32, 31])
sample loss: epoch:29, batch:600, time:53.56s, batch_loss:1272.8597
sentence_shape: torch.Size([32, 63])
sample loss: epoch:29, batch:700, time:51.29s, batch_loss:1301.1043
sentence_shape: torch.Size([32, 31])
sample loss: epoch:29, batch:800, time:53.10s, batch_loss:1276.2462
sentence_shape: torch.Size([32, 30])
sample loss: epoch:29, batch:900, time:58.14s, batch_loss:1711.8200
sentence_shape: torch.Size([32, 63])
sample loss: epoch:29, batch:1000, time:57.15s, batch_loss:2119.8520
sentence_shape: torch.Size([32, 61])
sample loss: epoch:29, batch:1100, time:63.68s, batch_loss:2459.8836
sentence_shape: torch.Size([32, 63])
sample loss: epoch:29, batch:1200, time:58.45s, batch_loss:2186.8473
sentence_shape: torch.Size([32, 63])
sample loss: epoch:29, batch:1300, time:60.39s, batch_loss:2416.7980
Epoch:29 training finished. Time: 786.11s, speed: 0.02s/instance, total loss:2320618.2500
Epoch_train_result: epoch:29, accuracy:0.9483, precision:0.6939, recall:0.5568, f_measure:0.6179 
dev_result: epoch:29, time:48.20, accuracy:0.9708, precision:0.7313, recall:0.5324, f_measure:0.6162 
training epoch: 30
 Learning rate is setted as: 0.00022593554099256555
训练数据总量： 44625
sentence_shape: torch.Size([32, 62])
sample loss: epoch:30, batch:100, time:52.85s, batch_loss:1253.3747
sentence_shape: torch.Size([32, 31])
sample loss: epoch:30, batch:200, time:50.52s, batch_loss:1234.6270
sentence_shape: torch.Size([32, 63])
sample loss: epoch:30, batch:300, time:53.86s, batch_loss:1296.1155
sentence_shape: torch.Size([32, 31])
sample loss: epoch:30, batch:400, time:51.87s, batch_loss:1230.0063
sentence_shape: torch.Size([32, 62])
sample loss: epoch:30, batch:500, time:53.72s, batch_loss:1308.0631
sentence_shape: torch.Size([32, 62])
sample loss: epoch:30, batch:600, time:54.96s, batch_loss:1314.0287
sentence_shape: torch.Size([32, 62])
sample loss: epoch:30, batch:700, time:54.26s, batch_loss:1292.1666
sentence_shape: torch.Size([32, 95])
sample loss: epoch:30, batch:800, time:48.41s, batch_loss:1200.5223
sentence_shape: torch.Size([32, 62])
sample loss: epoch:30, batch:900, time:54.74s, batch_loss:1269.5766
sentence_shape: torch.Size([32, 86])
sample loss: epoch:30, batch:1000, time:61.60s, batch_loss:2484.6823
sentence_shape: torch.Size([32, 60])
sample loss: epoch:30, batch:1100, time:60.03s, batch_loss:2345.0475
sentence_shape: torch.Size([32, 63])
sample loss: epoch:30, batch:1200, time:66.70s, batch_loss:2682.9278
sentence_shape: torch.Size([32, 92])
sample loss: epoch:30, batch:1300, time:57.75s, batch_loss:2241.2844
Epoch:30 training finished. Time: 784.79s, speed: 0.02s/instance, total loss:2321425.5000
Epoch_train_result: epoch:30, accuracy:0.9486, precision:0.6960, recall:0.5620, f_measure:0.6219 
dev_result: epoch:30, time:44.27, accuracy:0.9664, precision:0.6709, recall:0.5736, f_measure:0.6184 
loss list: [2886907.5, 2621149.0, 2491684.75, 2868211.0, 2363463.0, 2678680.25, 2508595.75, 2036975.25, 2469461.25, 3427498.0, 2290077.0, 2957047.75, 3379525.75, 2934540.0, 2587774.25, 2566165.75, 2802680.75, 2052220.0, 2851470.25, 2710127.0, 2459195.0, 2147038.25, 3200288.0, 2958545.75, 2808522.25, 2819824.0, 2497576.75, 2922407.0, 2320618.25, 2321425.5]
train f1 list: [0.09247087111380772, -1, -1, -1, 0.0011191047162270181, 0.11113274489442714, 0.25541483992992303, 0.3552206494587844, 0.35640537970384456, 0.4014620026492665, 0.4309347701589811, 0.4723737066822404, 0.49875689959814234, 0.5121438489523943, 0.5090280535376422, 0.5317147099325317, 0.5409998084658111, 0.5518662382954693, 0.5601684671466257, 0.4962560794512583, 0.5277037517669686, 0.5529630930385255, 0.5719950958875081, 0.582809003157284, 0.5848979899119175, 0.5887500658969899, 0.5991756864915811, 0.6097433601909876, 0.6178513527583182, 0.6218926134678137]
train precision list: [0.2857837349815959, -1, -1, 0.0, 0.09170305676855896, 0.2878516194105122, 0.36512248000199354, 0.46883379489208316, 0.4861259091119655, 0.5146972492452198, 0.5410227848101266, 0.5743374210758632, 0.5983978688278553, 0.6078142549391468, 0.6072337500696625, 0.6239595558364178, 0.6313502494501368, 0.6406789871892553, 0.647066055464812, 0.5995709213798864, 0.6226734965455639, 0.6423478075776926, 0.6568518389765695, 0.6655308310530573, 0.6671360857319503, 0.6718344476719204, 0.6778539392400779, 0.6875231333490359, 0.6939061873580115, 0.69603904512102]
train recall list: [0.055159379105117826, 0.0, 0.0, 0.0, 0.000562987587464143, 0.06885874373341197, 0.19640224122677677, 0.2859306720999437, 0.2813329401356532, 0.3290662448727916, 0.3580735100935632, 0.4011554650009383, 0.42756226374628026, 0.44249483928044825, 0.4381651966435216, 0.4632315487520442, 0.4732714940618214, 0.4846786949411544, 0.493847349936999, 0.4233130479075628, 0.4578697622047666, 0.4854159405914051, 0.5065547840540469, 0.5183775233907938, 0.5207099005388596, 0.5239537813999625, 0.5368622825125332, 0.547773518136243, 0.5568215329347739, 0.5620224658856331]
dev f1 list: [-1, -1, -1, -1, -1, 0.1900596421471173, 0.3938386136880798, 0.45836939588021464, 0.414833215046132, 0.47178740444120854, 0.5052234971741737, 0.5292006525285481, 0.5527700402352212, 0.5452054794520548, 0.5602135343067985, 0.5727243278263685, 0.5825806451612904, 0.5789234268385139, 0.5800950975569765, 0.5888799355358583, 0.5588938204165244, 0.5929344366645449, 0.5972265023112481, 0.5959443099273609, 0.6075949367088608, 0.594756554307116, 0.6139947940591027, 0.6309974747474747, 0.616198347107438, 0.6184170003079766]
dev precision list: [-1, -1, -1, 0.0, -1, 0.31262262916939176, 0.5085895117540687, 0.5817223198594025, 0.5475409836065573, 0.650275965880582, 0.6308810949529512, 0.6169646253328261, 0.6031746031746031, 0.6806327490380505, 0.6220362622036262, 0.6614291058735503, 0.6691367173027047, 0.6170006464124111, 0.6809083910700539, 0.6756656804733728, 0.6945269410267289, 0.6694214876033058, 0.6483773837403815, 0.6337302864499518, 0.6610681894524689, 0.6253938248267171, 0.6617161716171617, 0.7051146384479717, 0.7312671635935661, 0.6708987637821584]
dev recall list: [0.0, 0.0, 0.0, 0.0, 0.0, 0.13653241930876892, 0.3213367609254499, 0.3781776635247072, 0.3339045986860897, 0.37017994858611825, 0.4213081976578121, 0.46329620108540415, 0.5101399600114253, 0.45472722079405886, 0.5095686946586689, 0.5049985718366181, 0.5158526135389888, 0.5452727792059412, 0.5052842045129963, 0.5218508997429306, 0.4675806912310768, 0.532133676092545, 0.5535561268209083, 0.5624107397886319, 0.5621251071122536, 0.5669808626106827, 0.5726935161382463, 0.5709797200799771, 0.5324193087689232, 0.5735504141673807]


# 模型参数：
self.head = 4
        self.k_dim = 64
        self.d_model = 256
        self.p_drop = 0.1
        self.d_ff = 1024
        self.layer_num = 4
        self.lr = 0.001
        self.regularization = 0.008
        self.lr_decay = 0.05
        self.batch_size = 32
        self.epoch_num = 30
        self.momentum = 0.9

使用SGD优化器
